18-01-2023 01:02:38 : Successfully Fetched Username: surabaya with page count: 2

------------------------------

18-01-2023 01:02:27 : username: pemkotbogor	follower: 157107	like: 94	index: 0	prefComment: 3	getComment: 2	response: 1	w/zero: 0	w/less3: 0	URL: https://instagram.com/p/Cnf2zicP7Ty

------------------------------

18-01-2023 01:02:12 : Successfully Fetched Username: pemkotbogor with page count: 2

------------------------------

18-01-2023 01:02:02 : Successfully Fetched Username: diskominfojabar with page count: 1

------------------------------

18-01-2023 01:01:50 : username: humas_jabar	follower: 188532	like: 609	index: 0	prefComment: 41	getComment: 27	response: 14	w/zero: 0	w/less3: 0	URL: https://instagram.com/p/CngDB8ZBwA_

------------------------------

18-01-2023 01:01:30 : username: humas_jabar	follower: 188532	like: 224	index: 0	prefComment: 3	getComment: 3	response: 0	w/zero: 0	w/less3: 0	URL: https://instagram.com/p/CngVgpoBwZa

------------------------------

18-01-2023 01:01:16 : username: humas_jabar	follower: 188532	like: 274	index: 0	prefComment: 4	getComment: 4	response: 0	w/zero: 0	w/less3: 0	URL: https://instagram.com/p/CngxlIahv_H

------------------------------

18-01-2023 01:01:03 : username: humas_jabar	follower: 188532	like: 78	index: 0	prefComment: 1	getComment: 1	response: 0	w/zero: 0	w/less3: 0	URL: https://instagram.com/p/CnhP3bkynLA

------------------------------

18-01-2023 01:00:50 : Successfully Fetched Username: humas_jabar with page count: 4

------------------------------

18-01-2023 01:00:40 : username: halobandung	follower: 154857	like: 107	index: 0	prefComment: 6	getComment: 6	response: 0	w/zero: 0	w/less3: 0	URL: https://instagram.com/p/Cnf-6hCyUqM

------------------------------

18-01-2023 01:00:27 : Successfully Fetched Username: halobandung with page count: 2

------------------------------

18-01-2023 01:00:17 : Session has been loaded in the browser

------------------------------

18-01-2023 01:00:17 : File exist

------------------------------

18-01-2023 01:00:17 : Get file: D:\PROGRAMMING_JOURNEY\THE_PROJECTS\Focuson_Project_DEV\IdeaGeneratorV2_PROJECT\IdeaGeneratorv2_DEV\BOT_ENGINE\IgBot_1\src\service\sessions\kuepakoy80.json

------------------------------

18-01-2023 01:00:17 : INIT: Initialized!

------------------------------

18-01-2023 01:00:15 : INIT: Initializing The Browser!

------------------------------

18-01-2023 00:57:13 : Session has been loaded in the browser

------------------------------

18-01-2023 00:57:13 : File exist

------------------------------

18-01-2023 00:57:12 : Get file: D:\PROGRAMMING_JOURNEY\THE_PROJECTS\Focuson_Project_DEV\IdeaGeneratorV2_PROJECT\IdeaGeneratorv2_DEV\BOT_ENGINE\IgBot_1\src\service\sessions\kuepakoy80.json

------------------------------

18-01-2023 00:57:12 : INIT: Initialized!

------------------------------

18-01-2023 00:57:10 : INIT: Initializing The Browser!

------------------------------

