18-01-2023 01:02:38 : FINISH get contributors like with username: surabaya and shortcode: Cng8y_tJncV

------------------------------

18-01-2023 01:02:38 : START get contributors like with username: surabaya and shortcode: Cng8y_tJncV

------------------------------

18-01-2023 01:02:27 : FINISH get contributors like with username: pemkotbogor and shortcode: Cnf2zicP7Ty

------------------------------

18-01-2023 01:02:27 : START get contributors like with username: pemkotbogor and shortcode: Cnf2zicP7Ty

------------------------------

18-01-2023 01:02:12 : FINISH get contributors like with username: pemkotbogor and shortcode: CnhPwhzPq4h

------------------------------

18-01-2023 01:02:12 : START get contributors like with username: pemkotbogor and shortcode: CnhPwhzPq4h

------------------------------

18-01-2023 01:02:02 : FINISH get contributors like with username: diskominfojabar and shortcode: Cng1Cd-hEX4

------------------------------

18-01-2023 01:02:02 : START get contributors like with username: diskominfojabar and shortcode: Cng1Cd-hEX4

------------------------------

18-01-2023 01:01:50 : FINISH get contributors like with username: humas_jabar and shortcode: CngDB8ZBwA_

------------------------------

18-01-2023 01:01:50 : START get contributors like with username: humas_jabar and shortcode: CngDB8ZBwA_

------------------------------

18-01-2023 01:01:30 : FINISH get contributors like with username: humas_jabar and shortcode: CngVgpoBwZa

------------------------------

18-01-2023 01:01:30 : START get contributors like with username: humas_jabar and shortcode: CngVgpoBwZa

------------------------------

18-01-2023 01:01:16 : FINISH get contributors like with username: humas_jabar and shortcode: CngxlIahv_H

------------------------------

18-01-2023 01:01:16 : START get contributors like with username: humas_jabar and shortcode: CngxlIahv_H

------------------------------

18-01-2023 01:01:03 : FINISH get contributors like with username: humas_jabar and shortcode: CnhP3bkynLA

------------------------------

18-01-2023 01:01:03 : START get contributors like with username: humas_jabar and shortcode: CnhP3bkynLA

------------------------------

18-01-2023 01:00:40 : FINISH get contributors like with username: halobandung and shortcode: Cnf-6hCyUqM

------------------------------

18-01-2023 01:00:40 : START get contributors like with username: halobandung and shortcode: Cnf-6hCyUqM

------------------------------

18-01-2023 01:00:27 : FINISH get contributors like with username: halobandung and shortcode: CngiKAVLb7s

------------------------------

18-01-2023 01:00:27 : START get contributors like with username: halobandung and shortcode: CngiKAVLb7s

------------------------------

