18-01-2023 16:52:22 : USERNAME: error: fetchNewProfile => TIMEOUT

------------------------------

18-01-2023 16:52:06 : Successfully Fetched Username: pkkdesabarengkok with page count: 0

------------------------------

18-01-2023 16:51:58 : Successfully Fetched Username: pkkpangandaran with page count: 0

------------------------------

18-01-2023 16:51:51 : Successfully Fetched Username: pkkbdgbarat with page count: 0

------------------------------

18-01-2023 16:51:42 : Successfully Fetched Username: pkk_kotatasik with page count: 0

------------------------------

18-01-2023 16:51:32 : Successfully Fetched Username: tp.pkk_kota_cimahi with page count: 0

------------------------------

18-01-2023 16:51:24 : Successfully Fetched Username: pkksumedang with page count: 0

------------------------------

18-01-2023 16:51:17 : Successfully Fetched Username: pkk.tasikmalayakab with page count: 0

------------------------------

18-01-2023 16:51:10 : USERNAME: error: fetchNewProfile => TIMEOUT

------------------------------

18-01-2023 16:50:54 : Successfully Fetched Username: pkk.kabbdg with page count: 0

------------------------------

18-01-2023 16:50:45 : Successfully Fetched Username: pkkkabupatenindramayu with page count: 0

------------------------------

18-01-2023 16:50:37 : Successfully Fetched Username: tppkkkuningan with page count: 0

------------------------------

18-01-2023 16:50:30 : Successfully Fetched Username: pkk.kab.cirebon with page count: 0

------------------------------

18-01-2023 16:50:23 : Successfully Fetched Username: pkkkabbekasi with page count: 0

------------------------------

18-01-2023 16:50:16 : Successfully Fetched Username: pkkkarawang with page count: 0

------------------------------

18-01-2023 16:50:10 : Successfully Fetched Username: pkkkabsubang with page count: 0

------------------------------

18-01-2023 16:50:03 : Successfully Fetched Username: tp.pkk.kab.purwakarta with page count: 0

------------------------------

18-01-2023 16:49:54 : Successfully Fetched Username: tppkk_kotadepok with page count: 0

------------------------------

18-01-2023 16:49:44 : Session has been loaded in the browser

------------------------------

18-01-2023 16:49:44 : File exist

------------------------------

18-01-2023 16:49:44 : Get file: D:\PROGRAMMING_JOURNEY\THE_PROJECTS\Focuson_Project_DEV\IdeaGeneratorV2_PROJECT\IdeaGeneratorv2_DEV\BOT_ENGINE\IgBot_2\src\service\sessions\kuebottestx1.json

------------------------------

18-01-2023 16:49:44 : INIT: Initialized!

------------------------------

18-01-2023 16:49:39 : INIT: Initializing The Browser!

------------------------------

18-01-2023 11:12:36 : USERNAME: error: fetchNewProfile => TIMEOUT

------------------------------

18-01-2023 11:12:25 : USERNAME: error: fetchNewProfile => TIMEOUT

------------------------------

18-01-2023 11:12:12 : USERNAME: error: fetchNewProfile => TIMEOUT

------------------------------

18-01-2023 11:12:02 : USERNAME: error: fetchNewProfile => TIMEOUT

------------------------------

18-01-2023 11:11:51 : USERNAME: error: fetchNewProfile => TIMEOUT

------------------------------

18-01-2023 11:11:41 : USERNAME: error: fetchNewProfile => TIMEOUT

------------------------------

18-01-2023 11:11:29 : USERNAME: error: fetchNewProfile => TIMEOUT

------------------------------

18-01-2023 11:11:17 : USERNAME: error: fetchNewProfile => TIMEOUT

------------------------------

18-01-2023 11:11:06 : USERNAME: error: fetchNewProfile => TIMEOUT

------------------------------

18-01-2023 11:10:55 : USERNAME: error: fetchNewProfile => TIMEOUT

------------------------------

18-01-2023 11:10:43 : USERNAME: error: fetchNewProfile => TIMEOUT

------------------------------

18-01-2023 11:10:27 : Session has been loaded in the browser

------------------------------

18-01-2023 11:10:27 : File exist

------------------------------

18-01-2023 11:10:27 : Get file: D:\PROGRAMMING_JOURNEY\THE_PROJECTS\Focuson_Project_DEV\IdeaGeneratorV2_PROJECT\IdeaGeneratorv2_DEV\BOT_ENGINE\IgBot_2\src\service\sessions\kuebottestx1.json

------------------------------

18-01-2023 11:10:27 : INIT: Initialized!

------------------------------

18-01-2023 11:10:26 : INIT: Initializing The Browser!

------------------------------

18-01-2023 11:10:08 : USERNAME: error: fetchNewProfile => TIMEOUT

------------------------------

18-01-2023 11:09:56 : USERNAME: error: fetchNewProfile => TIMEOUT

------------------------------

18-01-2023 11:09:42 : USERNAME: error: fetchNewProfile => TIMEOUT

------------------------------

18-01-2023 11:09:32 : USERNAME: error: fetchNewProfile => TIMEOUT

------------------------------

18-01-2023 11:09:21 : USERNAME: error: fetchNewProfile => TIMEOUT

------------------------------

18-01-2023 11:09:07 : USERNAME: error: fetchNewProfile => TIMEOUT

------------------------------

18-01-2023 11:08:55 : USERNAME: error: fetchNewProfile => TIMEOUT

------------------------------

18-01-2023 11:08:45 : USERNAME: error: fetchNewProfile => TIMEOUT

------------------------------

18-01-2023 11:08:34 : USERNAME: error: fetchNewProfile => TIMEOUT

------------------------------

18-01-2023 11:08:23 : USERNAME: error: fetchNewProfile => TIMEOUT

------------------------------

18-01-2023 11:08:12 : USERNAME: error: fetchNewProfile => TIMEOUT

------------------------------

18-01-2023 11:07:59 : USERNAME: error: fetchNewProfile => TIMEOUT

------------------------------

18-01-2023 11:07:47 : USERNAME: error: fetchNewProfile => TIMEOUT

------------------------------

18-01-2023 11:07:36 : USERNAME: error: fetchNewProfile => TIMEOUT

------------------------------

18-01-2023 11:07:24 : USERNAME: error: fetchNewProfile => TIMEOUT

------------------------------

18-01-2023 11:07:12 : USERNAME: error: fetchNewProfile => TIMEOUT

------------------------------

18-01-2023 11:06:59 : USERNAME: error: fetchNewProfile => TIMEOUT

------------------------------

18-01-2023 11:06:49 : USERNAME: error: fetchNewProfile => TIMEOUT

------------------------------

18-01-2023 11:06:36 : USERNAME: error: fetchNewProfile => TIMEOUT

------------------------------

18-01-2023 11:06:25 : USERNAME: error: fetchNewProfile => TIMEOUT

------------------------------

18-01-2023 11:06:13 : USERNAME: error: fetchNewProfile => TIMEOUT

------------------------------

18-01-2023 11:06:01 : USERNAME: error: fetchNewProfile => TIMEOUT

------------------------------

18-01-2023 11:05:50 : USERNAME: error: fetchNewProfile => TIMEOUT

------------------------------

18-01-2023 11:05:39 : USERNAME: error: fetchNewProfile => TIMEOUT

------------------------------

18-01-2023 11:05:28 : USERNAME: error: fetchNewProfile => TIMEOUT

------------------------------

18-01-2023 11:05:17 : USERNAME: error: fetchNewProfile => TIMEOUT

------------------------------

18-01-2023 11:05:06 : USERNAME: error: fetchNewProfile => TIMEOUT

------------------------------

18-01-2023 11:04:54 : USERNAME: error: fetchNewProfile => TIMEOUT

------------------------------

18-01-2023 11:04:43 : USERNAME: error: fetchNewProfile => TIMEOUT

------------------------------

18-01-2023 11:04:32 : USERNAME: error: fetchNewProfile => TIMEOUT

------------------------------

18-01-2023 11:04:20 : Successfully Fetched Username: uptpkmkarangsetra.bdg with page count: 0

------------------------------

18-01-2023 11:04:11 : Successfully Fetched Username: puskesmasjatihandap with page count: 0

------------------------------

18-01-2023 11:04:06 : Successfully Fetched Username: jajawaypuskesmas with page count: 0

------------------------------

18-01-2023 11:04:01 : Successfully Fetched Username: ibra.juara with page count: 0

------------------------------

18-01-2023 11:03:53 : Successfully Fetched Username: uptpuskesmasgumuruh with page count: 0

------------------------------

18-01-2023 11:03:47 : Successfully Fetched Username: uptpuskesmasgriyaantapani with page count: 0

------------------------------

18-01-2023 11:03:40 : Successfully Fetched Username: puskesmasgirimande with page count: 0

------------------------------

18-01-2023 11:03:34 : Successfully Fetched Username: uptpuskesmasgaruda with page count: 0

------------------------------

18-01-2023 11:03:27 : Successfully Fetched Username: puskesmasderwati with page count: 0

------------------------------

18-01-2023 11:03:22 : Successfully Fetched Username: puskesmasdago with page count: 0

------------------------------

18-01-2023 11:03:15 : Successfully Fetched Username: officialpuskesmasciumbuleuit with page count: 0

------------------------------

18-01-2023 11:03:10 : Successfully Fetched Username: uptpuskesmascitarip with page count: 0

------------------------------

18-01-2023 11:03:02 : Successfully Fetched Username: pkm.cipamokolan with page count: 2

------------------------------

18-01-2023 11:02:56 : Successfully Fetched Username: puskesmascipaku with page count: 0

------------------------------

18-01-2023 11:02:49 : Successfully Fetched Username: pkm_cipadung with page count: 0

------------------------------

18-01-2023 11:02:42 : USERNAME: error: fetchNewProfile => TIMEOUT

------------------------------

18-01-2023 11:02:28 : Successfully Fetched Username: puskesmas_cilengkrang with page count: 0

------------------------------

18-01-2023 11:02:21 : Successfully Fetched Username: puskesmas.cikutralama with page count: 0

------------------------------

18-01-2023 11:02:16 : Successfully Fetched Username: uptpuskesmascijerah with page count: 0

------------------------------

18-01-2023 11:02:07 : Successfully Fetched Username: puskesmas_cijagralama with page count: 1

------------------------------

18-01-2023 11:02:00 : Successfully Fetched Username: puskesmascijagrabaru with page count: 0

------------------------------

18-01-2023 11:01:38 : Successfully Fetched Username: puskesmascigondewah with page count: 0

------------------------------

18-01-2023 11:01:30 : Successfully Fetched Username: uptpuskesmascigadung with page count: 0

------------------------------

18-01-2023 11:01:22 : Successfully Fetched Username: uptdpuskesmascibuntu with page count: 3

------------------------------

18-01-2023 11:01:16 : Successfully Fetched Username: puskesmascibolerang with page count: 0

------------------------------

18-01-2023 11:01:10 : Successfully Fetched Username: puskesmascibiruhilir with page count: 0

------------------------------

18-01-2023 11:01:04 : Successfully Fetched Username: pkmciwet with page count: 0

------------------------------

18-01-2023 11:00:37 : Successfully Fetched Username: pkmcibaduyutkidul_bandung with page count: 0

------------------------------

18-01-2023 11:00:31 : Successfully Fetched Username: uptpkmcempakaarum with page count: 0

------------------------------

18-01-2023 11:00:25 : Successfully Fetched Username: puskesmasbalaikota with page count: 0

------------------------------

18-01-2023 11:00:19 : Successfully Fetched Username: uptdpkmbabatan.bdg with page count: 0

------------------------------

18-01-2023 11:00:13 : Successfully Fetched Username: pkmbatar_bandung with page count: 0

------------------------------

18-01-2023 11:00:07 : Successfully Fetched Username: puskesmas.astanaanyar with page count: 0

------------------------------

18-01-2023 10:59:49 : Successfully Fetched Username: uptpkmarcamanik with page count: 0

------------------------------

18-01-2023 10:59:42 : Successfully Fetched Username: pkm_ahmadyani with page count: 0

------------------------------

18-01-2023 10:59:07 : Successfully Fetched Username: puskesmas_antapani with page count: 0

------------------------------

18-01-2023 10:59:02 : Successfully Fetched Username: arizapatria with page count: 0

------------------------------

18-01-2023 10:58:56 : Successfully Fetched Username: disdukcapil_kabtasik with page count: 0

------------------------------

18-01-2023 10:58:50 : Successfully Fetched Username: dpmptsptk with page count: 0

------------------------------

18-01-2023 10:58:45 : Successfully Fetched Username: dishubkominfokabtasik with page count: 0

------------------------------

18-01-2023 10:58:38 : Successfully Fetched Username: rsud_smcibs with page count: 0

------------------------------

18-01-2023 10:58:32 : Successfully Fetched Username: bpbdkabtasikmalaya.id with page count: 2

------------------------------

18-01-2023 10:58:21 : Successfully Fetched Username: disdikkabtasik with page count: 0

------------------------------

18-01-2023 10:58:16 : Successfully Fetched Username: kesdinkabtasik with page count: 0

------------------------------

18-01-2023 10:57:54 : TODO fetch more to get more post

------------------------------

18-01-2023 10:57:54 : Successfully Fetched Username: budayatasik with page count: 0

------------------------------

18-01-2023 10:57:50 : Successfully Fetched Username: dpkpp_kabtasikmalaya with page count: 0

------------------------------

18-01-2023 10:57:45 : TODO fetch more to get more post

------------------------------

18-01-2023 10:57:45 : Successfully Fetched Username: kabtasikbppd with page count: 0

------------------------------

18-01-2023 10:57:40 : Successfully Fetched Username: bkpsdmkabtasik with page count: 0

------------------------------

18-01-2023 10:57:34 : Successfully Fetched Username: dinsosppkbp3a.kabtasik with page count: 0

------------------------------

18-01-2023 10:57:29 : Successfully Fetched Username: diskopukmindagtsmkab with page count: 0

------------------------------

18-01-2023 10:57:23 : Successfully Fetched Username: iwansaputraofficial with page count: 0

------------------------------

18-01-2023 10:57:17 : Successfully Fetched Username: kangolehsoleh with page count: 0

------------------------------

18-01-2023 10:57:12 : Successfully Fetched Username: jejewiradinata with page count: 0

------------------------------

18-01-2023 10:57:06 : Successfully Fetched Username: marwanhamamismi with page count: 0

------------------------------

18-01-2023 10:57:00 : Successfully Fetched Username: h.adesugianto with page count: 0

------------------------------

18-01-2023 10:56:55 : Successfully Fetched Username: pemkotdepok with page count: 0

------------------------------

18-01-2023 10:56:40 : Successfully Fetched Username: kpusumedang with page count: 0

------------------------------

18-01-2023 10:56:34 : Successfully Fetched Username: infobnn_kabsumedang with page count: 0

------------------------------

18-01-2023 10:56:28 : Successfully Fetched Username: bapenda_sumedang with page count: 0

------------------------------

18-01-2023 10:56:21 : Successfully Fetched Username: bidang_kb_dppkb_sumedang with page count: 0

------------------------------

18-01-2023 10:56:16 : Successfully Fetched Username: dlhk.sumedangkab with page count: 0

------------------------------

18-01-2023 10:56:10 : Successfully Fetched Username: disnakertrans_sumedang with page count: 0

------------------------------

18-01-2023 10:56:05 : Successfully Fetched Username: dpkpp_smdng with page count: 0

------------------------------

18-01-2023 10:55:39 : Successfully Fetched Username: dinas.putr.kabupaten.sumedang with page count: 0

------------------------------

18-01-2023 10:55:19 : Successfully Fetched Username: disdik_sumedang with page count: 0

------------------------------

18-01-2023 10:55:10 : Successfully Fetched Username: set.dprd.sumedang with page count: 0

------------------------------

18-01-2023 10:55:04 : USERNAME: error: fetchNewProfile => TIMEOUT

------------------------------

18-01-2023 10:54:53 : Successfully Fetched Username: wiradinatajeje with page count: 0

------------------------------

18-01-2023 10:54:46 : Successfully Fetched Username: pemkabtorajautara with page count: 0

------------------------------

18-01-2023 10:54:40 : USERNAME: error: fetchNewProfile => TIMEOUT

------------------------------

18-01-2023 10:54:29 : Successfully Fetched Username: pinrangupdate with page count: 0

------------------------------

18-01-2023 10:54:23 : Successfully Fetched Username: info_lutra with page count: 0

------------------------------

18-01-2023 10:54:14 : Successfully Fetched Username: selayarinformasi with page count: 0

------------------------------

18-01-2023 10:54:08 : Successfully Fetched Username: jeneponto_info with page count: 0

------------------------------

18-01-2023 10:54:03 : Successfully Fetched Username: kabar.bantaeng with page count: 0

------------------------------

18-01-2023 10:53:57 : Successfully Fetched Username: kel_babakan with page count: 0

------------------------------

18-01-2023 10:53:52 : Successfully Fetched Username: kel.kedungjaya with page count: 0

------------------------------

18-01-2023 10:53:45 : Successfully Fetched Username: kelcimahpar with page count: 0

------------------------------

18-01-2023 10:53:39 : Successfully Fetched Username: kel_sempur with page count: 0

------------------------------

18-01-2023 10:53:34 : Successfully Fetched Username: kelurahan_mulyaharja with page count: 0

------------------------------

18-01-2023 10:53:28 : Successfully Fetched Username: desaciburial with page count: 0

------------------------------

18-01-2023 10:53:20 : Successfully Fetched Username: kecamatanciawi_official with page count: 0

------------------------------

18-01-2023 10:53:14 : Successfully Fetched Username: kecamatancileungsi with page count: 0

------------------------------

18-01-2023 10:53:08 : Successfully Fetched Username: diskominfokrwkab with page count: 0

------------------------------

18-01-2023 10:53:02 : Successfully Fetched Username: distphbun_sulsel with page count: 0

------------------------------

18-01-2023 10:52:56 : Successfully Fetched Username: pertaniantph.sumsel with page count: 0

------------------------------

18-01-2023 10:52:50 : Successfully Fetched Username: distanpanganbali with page count: 0

------------------------------

18-01-2023 10:52:44 : Successfully Fetched Username: dinas.kptph.lampung with page count: 0

------------------------------

18-01-2023 10:52:37 : Successfully Fetched Username: dkpkp.jakarta with page count: 0

------------------------------

18-01-2023 10:52:31 : Successfully Fetched Username: tppkk.babakan with page count: 0

------------------------------

18-01-2023 10:52:24 : Successfully Fetched Username: tp_pkk_sukajaya with page count: 0

------------------------------

18-01-2023 10:52:17 : Successfully Fetched Username: pkk_desaciwaruga with page count: 0

------------------------------

18-01-2023 10:51:54 : Successfully Fetched Username: tppkkkarangmekar with page count: 0

------------------------------

18-01-2023 10:51:47 : Successfully Fetched Username: tppkk_kelcilembangkeccihideung with page count: 0

------------------------------

18-01-2023 10:51:42 : Successfully Fetched Username: pkkdesakaranganyar with page count: 0

------------------------------

18-01-2023 10:51:35 : Successfully Fetched Username: pkkwargakerta with page count: 0

------------------------------

18-01-2023 10:51:29 : Successfully Fetched Username: tp_pkk_desa_tarogong with page count: 0

------------------------------

18-01-2023 10:51:22 : Successfully Fetched Username: tp.pkkbinong with page count: 0

------------------------------

18-01-2023 10:51:16 : Successfully Fetched Username: pkk.desalengkong.bagja with page count: 0

------------------------------

18-01-2023 10:51:10 : Successfully Fetched Username: pkk_desajatibarang.indramayu with page count: 0

------------------------------

18-01-2023 10:51:04 : Successfully Fetched Username: pkk_desa_malongpong with page count: 0

------------------------------

18-01-2023 10:50:59 : Successfully Fetched Username: pkk_desa_jalatrang_kuningan with page count: 0

------------------------------

18-01-2023 10:50:53 : Successfully Fetched Username: pkk_ciawiasih with page count: 0

------------------------------

18-01-2023 10:50:44 : Successfully Fetched Username: pkkmustikajaya with page count: 0

------------------------------

18-01-2023 10:50:30 : Successfully Fetched Username: pkk_desasumberjaya with page count: 0

------------------------------

18-01-2023 10:50:17 : Successfully Fetched Username: pkkdesasukasari with page count: 0

------------------------------

18-01-2023 10:50:11 : TODO fetch more to get more post

------------------------------

18-01-2023 10:50:11 : Successfully Fetched Username: tppkkdesapa with page count: 0

------------------------------

18-01-2023 10:50:06 : Successfully Fetched Username: tppkkcadassari with page count: 0

------------------------------

18-01-2023 10:50:00 : Successfully Fetched Username: tp_pkk_mekarsari with page count: 0

------------------------------

18-01-2023 10:49:54 : Successfully Fetched Username: tppkkdesapasirhalang with page count: 0

------------------------------

18-01-2023 10:49:49 : USERNAME: error: fetchNewProfile => TIMEOUT

------------------------------

18-01-2023 10:49:37 : Successfully Fetched Username: pkkdesabarengkok with page count: 0

------------------------------

18-01-2023 10:49:31 : Successfully Fetched Username: pkkpangandaran with page count: 0

------------------------------

18-01-2023 10:49:25 : Successfully Fetched Username: pkkbdgbarat with page count: 0

------------------------------

18-01-2023 10:49:18 : Successfully Fetched Username: pkk_kotatasik with page count: 0

------------------------------

18-01-2023 10:49:13 : Successfully Fetched Username: tp.pkk_kota_cimahi with page count: 0

------------------------------

18-01-2023 10:49:08 : Successfully Fetched Username: pkksumedang with page count: 0

------------------------------

18-01-2023 10:48:58 : Successfully Fetched Username: pkk.tasikmalayakab with page count: 0

------------------------------

18-01-2023 10:48:52 : USERNAME: error: fetchNewProfile => TIMEOUT

------------------------------

18-01-2023 10:48:33 : Successfully Fetched Username: pkk.kabbdg with page count: 0

------------------------------

18-01-2023 10:48:27 : Successfully Fetched Username: pkkkabupatenindramayu with page count: 0

------------------------------

18-01-2023 10:48:20 : Successfully Fetched Username: tppkkmajalengka with page count: 2

------------------------------

18-01-2023 10:48:14 : Successfully Fetched Username: tppkkkuningan with page count: 0

------------------------------

18-01-2023 10:48:09 : Successfully Fetched Username: pkk.kab.cirebon with page count: 0

------------------------------

18-01-2023 10:48:04 : Successfully Fetched Username: pkkkabbekasi with page count: 0

------------------------------

18-01-2023 10:47:58 : Successfully Fetched Username: pkkkarawang with page count: 0

------------------------------

18-01-2023 10:47:52 : Successfully Fetched Username: pkkkabsubang with page count: 0

------------------------------

18-01-2023 10:47:46 : Successfully Fetched Username: tp.pkk.kab.purwakarta with page count: 0

------------------------------

18-01-2023 10:47:41 : Successfully Fetched Username: tppkk_kotadepok with page count: 0

------------------------------

18-01-2023 10:47:35 : Successfully Fetched Username: tppkkkabsukabumi with page count: 0

------------------------------

18-01-2023 10:47:28 : Session has been loaded in the browser

------------------------------

18-01-2023 10:47:28 : File exist

------------------------------

18-01-2023 10:47:28 : Get file: D:\PROGRAMMING_JOURNEY\THE_PROJECTS\Focuson_Project_DEV\IdeaGeneratorV2_PROJECT\IdeaGeneratorv2_DEV\BOT_ENGINE\IgBot_2\src\service\sessions\kuebottestx1.json

------------------------------

18-01-2023 10:47:28 : INIT: Initialized!

------------------------------

18-01-2023 10:47:26 : INIT: Initializing The Browser!

------------------------------

18-01-2023 10:37:19 : USERNAME: error: fetchNewProfile => TIMEOUT

------------------------------

18-01-2023 10:37:16 : USERNAME: error: fetchNewProfile => TIMEOUT

------------------------------

18-01-2023 10:37:10 : USERNAME: error: fetchNewProfile => TIMEOUT

------------------------------

18-01-2023 10:37:07 : Successfully Fetched Username: pkkkabupatenindramayu with page count: 0

------------------------------

18-01-2023 10:37:04 : USERNAME: error: fetchNewProfile => TIMEOUT

------------------------------

18-01-2023 10:36:59 : USERNAME: error: fetchNewProfile => TIMEOUT

------------------------------

18-01-2023 10:36:56 : USERNAME: error: fetchNewProfile => TIMEOUT

------------------------------

18-01-2023 10:36:54 : USERNAME: error: fetchNewProfile => TIMEOUT

------------------------------

18-01-2023 10:36:51 : USERNAME: error: fetchNewProfile => TIMEOUT

------------------------------

18-01-2023 10:36:49 : Successfully Fetched Username: pkkkabsubang with page count: 0

------------------------------

18-01-2023 10:36:46 : Successfully Fetched Username: tp.pkk.kab.purwakarta with page count: 0

------------------------------

18-01-2023 10:36:44 : Successfully Fetched Username: tppkk_kotadepok with page count: 0

------------------------------

18-01-2023 10:36:40 : Successfully Fetched Username: tppkkkabsukabumi with page count: 0

------------------------------

18-01-2023 10:36:36 : Session has been loaded in the browser

------------------------------

18-01-2023 10:36:36 : File exist

------------------------------

18-01-2023 10:36:36 : Get file: D:\PROGRAMMING_JOURNEY\THE_PROJECTS\Focuson_Project_DEV\IdeaGeneratorV2_PROJECT\IdeaGeneratorv2_DEV\BOT_ENGINE\IgBot_2\src\service\sessions\kuebottestx1.json

------------------------------

18-01-2023 10:36:36 : INIT: Initialized!

------------------------------

18-01-2023 10:36:34 : INIT: Initializing The Browser!

------------------------------

18-01-2023 10:35:45 : USERNAME: error: fetchNewProfile => TIMEOUT

------------------------------

18-01-2023 10:35:42 : Successfully Fetched Username: pkk.kab.cirebon with page count: 0

------------------------------

18-01-2023 10:35:39 : Successfully Fetched Username: pkk_kotabekasi with page count: 1

------------------------------

18-01-2023 10:35:36 : Successfully Fetched Username: pkkkabbekasi with page count: 0

------------------------------

18-01-2023 10:35:33 : USERNAME: error: fetchNewProfile => TIMEOUT

------------------------------

18-01-2023 10:35:31 : Successfully Fetched Username: pkkkabsubang with page count: 0

------------------------------

18-01-2023 10:35:28 : Successfully Fetched Username: tp.pkk.kab.purwakarta with page count: 0

------------------------------

18-01-2023 10:35:25 : PROBLEM: not same between commentCount and otherComment+responseCount

------------------------------

18-01-2023 10:35:25 : username: pkkkab.cianjur	follower: 1103	like: 21	index: 0	prefComment: undefined	getComment: 0	response: 0	w/zero: 0	w/less3: 0	URL: https://instagram.com/p/Cngo2UZBYsu

------------------------------

18-01-2023 10:35:22 : PROBLEM: not same between commentCount and otherComment+responseCount

------------------------------

18-01-2023 10:35:22 : username: pkkkab.cianjur	follower: 1103	like: 43	index: 0	prefComment: undefined	getComment: 0	response: 0	w/zero: 0	w/less3: 0	URL: https://instagram.com/p/Cngo3g-JNQW

------------------------------

18-01-2023 10:35:19 : Successfully Fetched Username: pkkkab.cianjur with page count: 2

------------------------------

18-01-2023 10:35:17 : USERNAME: error: fetchNewProfile => TIMEOUT

------------------------------

18-01-2023 10:35:14 : Session has been loaded in the browser

------------------------------

18-01-2023 10:35:14 : File exist

------------------------------

18-01-2023 10:35:14 : Get file: D:\PROGRAMMING_JOURNEY\THE_PROJECTS\Focuson_Project_DEV\IdeaGeneratorV2_PROJECT\IdeaGeneratorv2_DEV\BOT_ENGINE\IgBot_2\src\service\sessions\kuebottestx1.json

------------------------------

18-01-2023 10:35:14 : Successfully Logged In!

------------------------------

18-01-2023 10:35:07 : LOGIN: Loggin In! to bottestx1:test12345!

------------------------------

18-01-2023 10:35:07 : Cannot read session

------------------------------

18-01-2023 10:35:07 : Kue doesn't exist

------------------------------

18-01-2023 10:35:07 : Get file: D:\PROGRAMMING_JOURNEY\THE_PROJECTS\Focuson_Project_DEV\IdeaGeneratorV2_PROJECT\IdeaGeneratorv2_DEV\BOT_ENGINE\IgBot_2\src\service\sessions\kuebottestx1.json

------------------------------

18-01-2023 10:35:07 : INIT: Initialized!

------------------------------

18-01-2023 10:35:05 : INIT: Initializing The Browser!

------------------------------

18-01-2023 10:33:19 : Login failed

------------------------------

18-01-2023 10:33:19 : LOGIN: error Error: No element found for selector: input[name="username"]

------------------------------

18-01-2023 10:33:15 : LOGIN: Loggin In! to bottestx1:test12345!

------------------------------

18-01-2023 10:33:14 : Cannot read session

------------------------------

18-01-2023 10:33:14 : Kue doesn't exist

------------------------------

18-01-2023 10:33:14 : Get file: D:\PROGRAMMING_JOURNEY\THE_PROJECTS\Focuson_Project_DEV\IdeaGeneratorV2_PROJECT\IdeaGeneratorv2_DEV\BOT_ENGINE\IgBot_2\src\service\sessions\kuebottestx1.json

------------------------------

18-01-2023 10:33:14 : INIT: Initialized!

------------------------------

18-01-2023 10:33:11 : INIT: Initializing The Browser!

------------------------------

18-01-2023 02:12:41 : USERNAME: error: fetchNewProfile => TIMEOUT

------------------------------

18-01-2023 02:12:38 : USERNAME: error: fetchNewProfile => TIMEOUT

------------------------------

18-01-2023 02:12:36 : USERNAME: error: fetchNewProfile => TIMEOUT

------------------------------

18-01-2023 02:12:34 : USERNAME: error: fetchNewProfile => TIMEOUT

------------------------------

18-01-2023 02:12:31 : USERNAME: error: fetchNewProfile => TIMEOUT

------------------------------

18-01-2023 02:12:27 : Session has been loaded in the browser

------------------------------

18-01-2023 02:12:27 : File exist

------------------------------

18-01-2023 02:12:27 : Get file: D:\PROGRAMMING_JOURNEY\THE_PROJECTS\Focuson_Project_DEV\IdeaGeneratorV2_PROJECT\IdeaGeneratorv2_DEV\BOT_ENGINE\IgBot_2\src\service\sessions\kuepakoy80.json

------------------------------

18-01-2023 02:12:27 : INIT: Initialized!

------------------------------

18-01-2023 02:12:25 : INIT: Initializing The Browser!

------------------------------

18-01-2023 02:09:15 : USERNAME: error: fetchNewProfile => TIMEOUT

------------------------------

18-01-2023 02:09:13 : USERNAME: error: fetchNewProfile => TIMEOUT

------------------------------

18-01-2023 02:09:10 : USERNAME: error: fetchNewProfile => TIMEOUT

------------------------------

18-01-2023 02:09:08 : USERNAME: error: fetchNewProfile => TIMEOUT

------------------------------

18-01-2023 02:09:06 : USERNAME: error: fetchNewProfile => TIMEOUT

------------------------------

18-01-2023 02:09:03 : USERNAME: error: fetchNewProfile => TIMEOUT

------------------------------

18-01-2023 02:09:01 : USERNAME: error: fetchNewProfile => TIMEOUT

------------------------------

18-01-2023 02:08:59 : USERNAME: error: fetchNewProfile => TIMEOUT

------------------------------

18-01-2023 02:08:57 : USERNAME: error: fetchNewProfile => TIMEOUT

------------------------------

18-01-2023 02:08:55 : USERNAME: error: fetchNewProfile => TIMEOUT

------------------------------

18-01-2023 02:08:53 : USERNAME: error: fetchNewProfile => TIMEOUT

------------------------------

18-01-2023 02:08:50 : USERNAME: error: fetchNewProfile => TIMEOUT

------------------------------

18-01-2023 02:08:48 : USERNAME: error: fetchNewProfile => TIMEOUT

------------------------------

18-01-2023 02:08:46 : USERNAME: error: fetchNewProfile => TIMEOUT

------------------------------

18-01-2023 02:08:44 : USERNAME: error: fetchNewProfile => TIMEOUT

------------------------------

18-01-2023 02:08:42 : USERNAME: error: fetchNewProfile => TIMEOUT

------------------------------

18-01-2023 02:08:40 : USERNAME: error: fetchNewProfile => TIMEOUT

------------------------------

18-01-2023 02:08:37 : USERNAME: error: fetchNewProfile => TIMEOUT

------------------------------

18-01-2023 02:08:33 : USERNAME: error: fetchNewProfile => TIMEOUT

------------------------------

18-01-2023 02:08:31 : Successfully Fetched Username: pkmcibaduyutkidul_bandung with page count: 0

------------------------------

18-01-2023 02:08:27 : Successfully Fetched Username: uptpkmcempakaarum with page count: 0

------------------------------

18-01-2023 02:08:24 : Successfully Fetched Username: uptpuskesmascaringin with page count: 1

------------------------------

18-01-2023 02:08:21 : Successfully Fetched Username: puskesmasbalaikota with page count: 0

------------------------------

18-01-2023 02:08:19 : Successfully Fetched Username: uptdpkmbabatan.bdg with page count: 0

------------------------------

18-01-2023 02:08:16 : Successfully Fetched Username: pkmbatar_bandung with page count: 0

------------------------------

18-01-2023 02:08:12 : PROBLEM: not same between commentCount and otherComment+responseCount

------------------------------

18-01-2023 02:08:12 : username: pkmbabakansurabaya	follower: 1269	like: 13	index: 0	prefComment: undefined	getComment: 0	response: 0	w/zero: 0	w/less3: 0	URL: https://instagram.com/p/CnhBvjUpWVz

------------------------------

18-01-2023 02:08:07 : Successfully Fetched Username: pkmbabakansurabaya with page count: 1

------------------------------

18-01-2023 02:08:04 : Successfully Fetched Username: puskesmasbabakansari with page count: 1

------------------------------

18-01-2023 02:08:01 : Successfully Fetched Username: puskesmas.astanaanyar with page count: 0

------------------------------

18-01-2023 02:07:58 : Successfully Fetched Username: uptpkmarcamanik with page count: 0

------------------------------

18-01-2023 02:07:56 : Successfully Fetched Username: pkm_ahmadyani with page count: 0

------------------------------

18-01-2023 02:07:53 : Successfully Fetched Username: puskesmas_antapani with page count: 0

------------------------------

18-01-2023 02:07:50 : PROBLEM: not same between commentCount and otherComment+responseCount

------------------------------

18-01-2023 02:07:50 : username: zitaanjani	follower: 106225	like: 86	index: 0	prefComment: undefined	getComment: 0	response: 0	w/zero: 0	w/less3: 0	URL: https://instagram.com/p/Cng7X2FOq0a

------------------------------

18-01-2023 02:07:45 : Successfully Fetched Username: zitaanjani with page count: 1

------------------------------

18-01-2023 02:07:42 : PROBLEM: not same between commentCount and otherComment+responseCount

------------------------------

18-01-2023 02:07:42 : username: airinrachmidiany	follower: 54522	like: 289	index: 0	prefComment: undefined	getComment: 0	response: 0	w/zero: 0	w/less3: 0	URL: https://instagram.com/p/CngCzJlKKCg

------------------------------

18-01-2023 02:07:37 : Successfully Fetched Username: airinrachmidiany with page count: 1

------------------------------

18-01-2023 02:07:32 : PROBLEM: not same between commentCount and otherComment+responseCount

------------------------------

18-01-2023 02:07:32 : username: ahmadsahroni88	follower: 733533	like: 27443	index: 0	prefComment: undefined	getComment: 0	response: 0	w/zero: 0	w/less3: 0	URL: https://instagram.com/p/CngHf1gyoKC

------------------------------

18-01-2023 02:07:28 : PROBLEM: not same between commentCount and otherComment+responseCount

------------------------------

18-01-2023 02:07:28 : username: ahmadsahroni88	follower: 733533	like: 19674	index: 0	prefComment: undefined	getComment: 0	response: 0	w/zero: 0	w/less3: 0	URL: https://instagram.com/p/CngbzGrqTqp

------------------------------

18-01-2023 02:07:23 : PROBLEM: not same between commentCount and otherComment+responseCount

------------------------------

18-01-2023 02:07:23 : username: ahmadsahroni88	follower: 733533	like: 5686	index: 0	prefComment: undefined	getComment: 0	response: 0	w/zero: 0	w/less3: 0	URL: https://instagram.com/p/CnhHBHoopKx

------------------------------

18-01-2023 02:07:18 : Successfully Fetched Username: ahmadsahroni88 with page count: 3

------------------------------

18-01-2023 02:07:12 : PROBLEM: not same between commentCount and otherComment+responseCount

------------------------------

18-01-2023 02:07:12 : username: gibran_rakabuming	follower: 912632	like: 8758	index: 0	prefComment: undefined	getComment: 0	response: 0	w/zero: 0	w/less3: 0	URL: https://instagram.com/p/CngcwyYpF5E

------------------------------

18-01-2023 02:07:07 : PROBLEM: not same between commentCount and otherComment+responseCount

------------------------------

18-01-2023 02:07:07 : username: gibran_rakabuming	follower: 912632	like: 16705	index: 0	prefComment: undefined	getComment: 0	response: 0	w/zero: 0	w/less3: 0	URL: https://instagram.com/p/CngczR9JRY6

------------------------------

18-01-2023 02:07:02 : PROBLEM: not same between commentCount and otherComment+responseCount

------------------------------

18-01-2023 02:07:02 : username: gibran_rakabuming	follower: 912632	like: 5062	index: 1	prefComment: 205	getComment: 65	response: 0	w/zero: 1	w/less3: 1	URL: https://instagram.com/p/Cngc1TfpkzO

------------------------------

18-01-2023 02:06:41 : PROBLEM: not same between commentCount and otherComment+responseCount

------------------------------

18-01-2023 02:06:41 : username: gibran_rakabuming	follower: 912632	like: 2576	index: 0	prefComment: 36	getComment: 32	response: 0	w/zero: 0	w/less3: 0	URL: https://instagram.com/p/CnhBCswp073

------------------------------

18-01-2023 02:06:33 : username: gibran_rakabuming	follower: 912632	like: 496	index: 0	prefComment: 3	getComment: 3	response: 0	w/zero: 0	w/less3: 0	URL: https://instagram.com/p/CnhBFDpJ_As

------------------------------

18-01-2023 02:06:28 : username: gibran_rakabuming	follower: 912632	like: 585	index: 0	prefComment: 6	getComment: 6	response: 0	w/zero: 0	w/less3: 0	URL: https://instagram.com/p/CnhBGt_pJHO

------------------------------

18-01-2023 02:06:23 : Successfully Fetched Username: gibran_rakabuming with page count: 6

------------------------------

18-01-2023 02:06:21 : Successfully Fetched Username: arizapatria with page count: 0

------------------------------

18-01-2023 02:06:17 : Successfully Fetched Username: disdukcapil_kabtasik with page count: 0

------------------------------

18-01-2023 02:06:14 : Successfully Fetched Username: dpmptsptk with page count: 0

------------------------------

18-01-2023 02:06:12 : Successfully Fetched Username: dishubkominfokabtasik with page count: 0

------------------------------

18-01-2023 02:06:09 : Successfully Fetched Username: rsud_smcibs with page count: 0

------------------------------

18-01-2023 02:06:07 : USERNAME: error: fetchNewProfile => TIMEOUT

------------------------------

18-01-2023 02:06:04 : Successfully Fetched Username: disdikkabtasik with page count: 0

------------------------------

18-01-2023 02:06:02 : Successfully Fetched Username: kesdinkabtasik with page count: 0

------------------------------

18-01-2023 02:05:59 : Successfully Fetched Username: satpolppkabtasik with page count: 1

------------------------------

18-01-2023 02:05:57 : TODO fetch more to get more post

------------------------------

18-01-2023 02:05:57 : Successfully Fetched Username: budayatasik with page count: 0

------------------------------

18-01-2023 02:05:55 : Successfully Fetched Username: dpkpp_kabtasikmalaya with page count: 0

------------------------------

18-01-2023 02:05:53 : TODO fetch more to get more post

------------------------------

18-01-2023 02:05:53 : Successfully Fetched Username: kabtasikbppd with page count: 0

------------------------------

18-01-2023 02:05:52 : Successfully Fetched Username: bkpsdmkabtasik with page count: 0

------------------------------

18-01-2023 02:05:49 : Successfully Fetched Username: dinsosppkbp3a.kabtasik with page count: 0

------------------------------

18-01-2023 02:05:47 : Successfully Fetched Username: diskopukmindagtsmkab with page count: 0

------------------------------

18-01-2023 02:05:44 : Successfully Fetched Username: pemkabtasik with page count: 1

------------------------------

18-01-2023 02:05:41 : Successfully Fetched Username: iwansaputraofficial with page count: 0

------------------------------

18-01-2023 02:05:38 : Successfully Fetched Username: kangolehsoleh with page count: 0

------------------------------

18-01-2023 02:05:36 : Successfully Fetched Username: jejewiradinata with page count: 0

------------------------------

18-01-2023 02:05:34 : Successfully Fetched Username: marwanhamamismi with page count: 0

------------------------------

18-01-2023 02:05:32 : Successfully Fetched Username: h.adesugianto with page count: 0

------------------------------

18-01-2023 02:05:29 : Successfully Fetched Username: kominfopalembang with page count: 1

------------------------------

18-01-2023 02:05:22 : Successfully Fetched Username: kominfo_pemkot_tsm with page count: 8

------------------------------

18-01-2023 02:05:17 : username: humas_kota_tangerang	follower: 37009	like: 145	index: 0	prefComment: 5	getComment: 5	response: 0	w/zero: 0	w/less3: 0	URL: https://instagram.com/p/Cnf3fcMvo_m

------------------------------

18-01-2023 02:05:11 : Successfully Fetched Username: humas_kota_tangerang with page count: 4

------------------------------

18-01-2023 02:05:06 : PROBLEM: not same between commentCount and otherComment+responseCount

------------------------------

18-01-2023 02:05:06 : username: humaskotatangsel	follower: 35835	like: 99	index: 0	prefComment: 1	getComment: 0	response: 0	w/zero: 0	w/less3: 0	URL: https://instagram.com/p/CngjaL0PPEZ

------------------------------

18-01-2023 02:05:01 : username: humaskotatangsel	follower: 35835	like: 285	index: 0	prefComment: 4	getComment: 4	response: 0	w/zero: 0	w/less3: 0	URL: https://instagram.com/p/CngpSDFPuNY

------------------------------

18-01-2023 02:04:55 : username: humaskotatangsel	follower: 35835	like: 37	index: 0	prefComment: 1	getComment: 1	response: 0	w/zero: 0	w/less3: 0	URL: https://instagram.com/p/CnhTge7Punw

------------------------------

18-01-2023 02:04:50 : Successfully Fetched Username: humaskotatangsel with page count: 5

------------------------------

18-01-2023 02:04:45 : username: 93fmsuaramadiun	follower: 2100	like: 196	index: 0	prefComment: 3	getComment: 3	response: 0	w/zero: 0	w/less3: 0	URL: https://instagram.com/p/Cnf6DBVKXYC

------------------------------

18-01-2023 02:04:39 : username: pemkotmadiun_	follower: 47505	like: 403	index: 0	prefComment: 7	getComment: 7	response: 0	w/zero: 0	w/less3: 0	URL: https://instagram.com/p/CngdiNJPXpq

------------------------------

18-01-2023 02:04:34 : username: pemkotmadiun_	follower: 47505	like: 137	index: 0	prefComment: 1	getComment: 1	response: 0	w/zero: 0	w/less3: 0	URL: https://instagram.com/p/CnhRvFMvixu

------------------------------

18-01-2023 02:04:29 : Successfully Fetched Username: pemkotmadiun_ with page count: 4

------------------------------

18-01-2023 02:04:25 : username: pemkot_balikpapan	follower: 125760	like: 435	index: 1	prefComment: 58	getComment: 58	response: 0	w/zero: 0	w/less3: 1	URL: https://instagram.com/p/Cnf8YgdBh1e

------------------------------

18-01-2023 02:04:14 : Successfully Fetched Username: pemkot_balikpapan with page count: 1

------------------------------

18-01-2023 02:04:11 : Successfully Fetched Username: pemkotdepok with page count: 0

------------------------------

18-01-2023 02:04:09 : PROBLEM: not same between commentCount and otherComment+responseCount

------------------------------

18-01-2023 02:04:09 : username: pemkot_solo	follower: 56680	like: 1408	index: 0	prefComment: 38	getComment: 36	response: 1	w/zero: 0	w/less3: 0	URL: https://instagram.com/p/CngHT4QPyrJ

------------------------------

18-01-2023 02:04:01 : Successfully Fetched Username: pemkot_solo with page count: 1

------------------------------

18-01-2023 02:03:56 : PROBLEM: not same between commentCount and otherComment+responseCount

------------------------------

18-01-2023 02:03:56 : username: humasjogja	follower: 229147	like: 1139	index: 0	prefComment: 49	getComment: 47	response: 0	w/zero: 0	w/less3: 0	URL: https://instagram.com/p/CnhFCVmpdgs

------------------------------

18-01-2023 02:03:45 : username: humasjogja	follower: 229147	like: 292	index: 0	prefComment: 2	getComment: 2	response: 0	w/zero: 0	w/less3: 0	URL: https://instagram.com/p/CnhO6mMvBMk

------------------------------

18-01-2023 02:03:40 : Successfully Fetched Username: humasjogja with page count: 4

------------------------------

18-01-2023 02:03:37 : Successfully Fetched Username: kpusumedang with page count: 0

------------------------------

18-01-2023 02:03:34 : Successfully Fetched Username: infobnn_kabsumedang with page count: 0

------------------------------

18-01-2023 02:03:30 : username: bpbdsumedang	follower: 7642	like: 134	index: 0	prefComment: 2	getComment: 1	response: 1	w/zero: 0	w/less3: 0	URL: https://instagram.com/p/CnhB0G5tc1o

------------------------------

18-01-2023 02:03:25 : Successfully Fetched Username: bpbdsumedang with page count: 3

------------------------------

18-01-2023 02:03:20 : username: kesbangpol.sumedang	follower: 1563	like: 21	index: 0	prefComment: 2	getComment: 2	response: 0	w/zero: 0	w/less3: 0	URL: https://instagram.com/p/CngxBU_p0td

------------------------------

18-01-2023 02:03:15 : Successfully Fetched Username: kesbangpol.sumedang with page count: 3

------------------------------

18-01-2023 02:03:10 : Successfully Fetched Username: rsudkabsumedang with page count: 5

------------------------------

18-01-2023 02:03:07 : Successfully Fetched Username: bapenda_sumedang with page count: 0

------------------------------

18-01-2023 02:03:03 : Successfully Fetched Username: bkadsumedang with page count: 1

------------------------------

18-01-2023 02:03:00 : username: bkpsdmsumedang	follower: 5211	like: 26	index: 0	prefComment: 2	getComment: 2	response: 0	w/zero: 0	w/less3: 0	URL: https://instagram.com/p/CnghjJWpSzc

------------------------------

18-01-2023 02:02:57 : Successfully Fetched Username: bkpsdmsumedang with page count: 3

------------------------------

18-01-2023 02:02:54 : Successfully Fetched Username: bappppedasumedang with page count: 2

------------------------------

18-01-2023 02:02:51 : Successfully Fetched Username: disarpus_smd with page count: 1

------------------------------

18-01-2023 02:02:47 : Successfully Fetched Username: disparbudpora.kabsumedang with page count: 2

------------------------------

18-01-2023 02:02:43 : Successfully Fetched Username: dpmptsp.sumedang with page count: 3

------------------------------

18-01-2023 02:02:36 : Successfully Fetched Username: dishubsumedang with page count: 8

------------------------------

18-01-2023 02:02:34 : Successfully Fetched Username: bidang_kb_dppkb_sumedang with page count: 0

------------------------------

18-01-2023 02:02:31 : Successfully Fetched Username: dpmdkabsumedang with page count: 1

------------------------------

18-01-2023 02:02:27 : Successfully Fetched Username: disdukcapil_sumedang with page count: 2

------------------------------

18-01-2023 02:02:25 : Successfully Fetched Username: dlhk.sumedangkab with page count: 0

------------------------------

18-01-2023 02:02:22 : Successfully Fetched Username: disnakertrans_sumedang with page count: 0

------------------------------

18-01-2023 02:02:16 : username: dinsos.kabsumedang	follower: 1054	like: 10	index: 0	prefComment: 1	getComment: 1	response: 0	w/zero: 0	w/less3: 0	URL: https://instagram.com/p/Cng_SoYJF0Y

------------------------------

18-01-2023 02:02:11 : Successfully Fetched Username: dinsos.kabsumedang with page count: 7

------------------------------

18-01-2023 02:02:07 : Successfully Fetched Username: satpolpp_sumedang with page count: 4

------------------------------

18-01-2023 02:02:04 : Successfully Fetched Username: dpkpp_smdng with page count: 0

------------------------------

18-01-2023 02:02:02 : Successfully Fetched Username: dinas.putr.kabupaten.sumedang with page count: 0

------------------------------

18-01-2023 02:01:59 : username: dinkes_sumedang	follower: 2900	like: 31	index: 0	prefComment: 1	getComment: 1	response: 0	w/zero: 0	w/less3: 0	URL: https://instagram.com/p/CngIQ3npdAG

------------------------------

18-01-2023 02:01:53 : Successfully Fetched Username: dinkes_sumedang with page count: 1

------------------------------

18-01-2023 02:01:51 : Successfully Fetched Username: disdik_sumedang with page count: 0

------------------------------

18-01-2023 02:01:48 : Successfully Fetched Username: set.dprd.sumedang with page count: 0

------------------------------

18-01-2023 02:01:45 : Successfully Fetched Username: inspektoratdaerah.kab.sumedang with page count: 1

------------------------------

18-01-2023 02:01:42 : Successfully Fetched Username: setdasumedang with page count: 0

------------------------------

18-01-2023 02:01:40 : username: cecepnurulyakin77	follower: 16945	like: 210	index: 0	prefComment: 5	getComment: 4	response: 1	w/zero: 0	w/less3: 0	URL: https://instagram.com/p/CngxudxuOVD

------------------------------

18-01-2023 02:01:34 : Successfully Fetched Username: cecepnurulyakin77 with page count: 1

------------------------------

18-01-2023 02:01:32 : Successfully Fetched Username: wiradinatajeje with page count: 0

------------------------------

18-01-2023 02:01:26 : username: maros.informasi	follower: 22797	like: 908	index: 0	prefComment: 8	getComment: 8	response: 0	w/zero: 0	w/less3: 0	URL: https://instagram.com/p/CnfrzScBnRD

------------------------------

18-01-2023 02:01:21 : username: maros.informasi	follower: 22797	like: 593	index: 0	prefComment: 16	getComment: 16	response: 0	w/zero: 0	w/less3: 0	URL: https://instagram.com/p/Cnf6fy6hzbw

------------------------------

18-01-2023 02:01:16 : username: maros.informasi	follower: 22797	like: 1130	index: 0	prefComment: 20	getComment: 20	response: 0	w/zero: 0	w/less3: 0	URL: https://instagram.com/p/Cnf7OcKhYkf

------------------------------

18-01-2023 02:01:11 : username: maros.informasi	follower: 22797	like: 1339	index: 0	prefComment: 31	getComment: 31	response: 0	w/zero: 0	w/less3: 0	URL: https://instagram.com/p/CngLDohBb11

------------------------------

18-01-2023 02:01:04 : username: maros.informasi	follower: 22797	like: 743	index: 0	prefComment: 20	getComment: 20	response: 0	w/zero: 0	w/less3: 0	URL: https://instagram.com/p/Cngibm9hYt9

------------------------------

18-01-2023 02:01:01 : username: maros.informasi	follower: 22797	like: 712	index: 0	prefComment: 2	getComment: 2	response: 0	w/zero: 0	w/less3: 0	URL: https://instagram.com/p/Cng3_dBB2Jy

------------------------------

18-01-2023 02:00:59 : Successfully Fetched Username: maros.informasi with page count: 7

------------------------------

18-01-2023 02:00:55 : Successfully Fetched Username: diskominfo_palopo with page count: 2

------------------------------

18-01-2023 02:00:53 : Successfully Fetched Username: pemkabtorajautara with page count: 0

------------------------------

18-01-2023 02:00:50 : USERNAME: error: fetchNewProfile => TIMEOUT

------------------------------

18-01-2023 02:00:47 : username: takalarinfo	follower: 26521	like: 219	index: 0	prefComment: 3	getComment: 3	response: 0	w/zero: 0	w/less3: 0	URL: https://instagram.com/p/CngsNtfSZXH

------------------------------

18-01-2023 02:00:41 : Successfully Fetched Username: takalarinfo with page count: 1

------------------------------

18-01-2023 02:00:38 : username: sinjaiinformasi	follower: 15736	like: 199	index: 0	prefComment: 5	getComment: 5	response: 0	w/zero: 0	w/less3: 0	URL: https://instagram.com/p/CnguS-NydgN

------------------------------

18-01-2023 02:00:34 : Successfully Fetched Username: sinjaiinformasi with page count: 1

------------------------------

18-01-2023 02:00:32 : Successfully Fetched Username: pinrangupdate with page count: 0

------------------------------

18-01-2023 02:00:29 : Successfully Fetched Username: info_lutra with page count: 0

------------------------------

18-01-2023 02:00:26 : Successfully Fetched Username: info.lutim with page count: 1

------------------------------

18-01-2023 02:00:24 : Successfully Fetched Username: selayarinformasi with page count: 0

------------------------------

18-01-2023 02:00:22 : Successfully Fetched Username: jeneponto_info with page count: 0

------------------------------

18-01-2023 02:00:17 : username: gowa_iinfo	follower: 8117	like: 247	index: 0	prefComment: 1	getComment: 1	response: 0	w/zero: 0	w/less3: 0	URL: https://instagram.com/p/Cnf20ZgPtZF

------------------------------

18-01-2023 02:00:12 : username: gowa_iinfo	follower: 8117	like: 178	index: 0	prefComment: 1	getComment: 1	response: 0	w/zero: 0	w/less3: 0	URL: https://instagram.com/p/CngFgl-KlYC

------------------------------

18-01-2023 02:00:07 : username: gowa_iinfo	follower: 8117	like: 284	index: 0	prefComment: 27	getComment: 27	response: 0	w/zero: 0	w/less3: 0	URL: https://instagram.com/p/CngrfZrK2sv

------------------------------

18-01-2023 02:00:01 : Successfully Fetched Username: gowa_iinfo with page count: 3

------------------------------

18-01-2023 01:59:55 : username: enrekanginfo	follower: 71066	like: 192	index: 0	prefComment: 4	getComment: 4	response: 0	w/zero: 0	w/less3: 0	URL: https://instagram.com/p/Cnf1H9VtQWF

------------------------------

18-01-2023 01:59:49 : username: enrekanginfo	follower: 71066	like: 818	index: 0	prefComment: 6	getComment: 6	response: 0	w/zero: 0	w/less3: 0	URL: https://instagram.com/p/CngGNd2PEG3

------------------------------

18-01-2023 01:59:44 : username: enrekanginfo	follower: 71066	like: 311	index: 0	prefComment: 3	getComment: 3	response: 0	w/zero: 0	w/less3: 0	URL: https://instagram.com/p/CngXpZsvgKz

------------------------------

18-01-2023 01:59:39 : username: enrekanginfo	follower: 71066	like: 215	index: 1	prefComment: 11	getComment: 11	response: 0	w/zero: 0	w/less3: 1	URL: https://instagram.com/p/CngyqCRtUnW

------------------------------

18-01-2023 01:59:31 : username: enrekanginfo	follower: 71066	like: 258	index: 0	prefComment: 2	getComment: 2	response: 0	w/zero: 0	w/less3: 0	URL: https://instagram.com/p/Cng7jIxtv9S

------------------------------

18-01-2023 01:59:26 : Successfully Fetched Username: enrekanginfo with page count: 8

------------------------------

18-01-2023 01:59:23 : Successfully Fetched Username: kabar.bantaeng with page count: 0

------------------------------

18-01-2023 01:59:21 : Successfully Fetched Username: kel_babakan with page count: 0

------------------------------

18-01-2023 01:59:18 : Successfully Fetched Username: kel.kedungjaya with page count: 0

------------------------------

18-01-2023 01:59:15 : Successfully Fetched Username: kelcimahpar with page count: 0

------------------------------

18-01-2023 01:59:13 : Successfully Fetched Username: kel_sempur with page count: 0

------------------------------

18-01-2023 01:59:11 : Successfully Fetched Username: kelurahan_mulyaharja with page count: 0

------------------------------

18-01-2023 01:59:09 : Successfully Fetched Username: desaciburial with page count: 0

------------------------------

18-01-2023 01:59:06 : Successfully Fetched Username: kecamatanciawi_official with page count: 0

------------------------------

18-01-2023 01:59:04 : Successfully Fetched Username: kecamatancileungsi with page count: 0

------------------------------

18-01-2023 01:59:01 : Successfully Fetched Username: diskominfokrwkab with page count: 0

------------------------------

18-01-2023 01:58:58 : Successfully Fetched Username: distphbun_sulsel with page count: 0

------------------------------

18-01-2023 01:58:57 : Successfully Fetched Username: pertaniantph.sumsel with page count: 0

------------------------------

18-01-2023 01:58:54 : Successfully Fetched Username: distanpanganbali with page count: 0

------------------------------

18-01-2023 01:58:52 : Successfully Fetched Username: dinas.kptph.lampung with page count: 0

------------------------------

18-01-2023 01:58:50 : Successfully Fetched Username: dkpkp.jakarta with page count: 0

------------------------------

18-01-2023 01:58:47 : Successfully Fetched Username: tppkk.babakan with page count: 0

------------------------------

18-01-2023 01:58:45 : Successfully Fetched Username: tp_pkk_sukajaya with page count: 0

------------------------------

18-01-2023 01:58:42 : Successfully Fetched Username: pkk_desaciwaruga with page count: 0

------------------------------

18-01-2023 01:58:40 : Successfully Fetched Username: tppkkkarangmekar with page count: 0

------------------------------

18-01-2023 01:58:38 : Successfully Fetched Username: tppkk_kelcilembangkeccihideung with page count: 0

------------------------------

18-01-2023 01:58:36 : Successfully Fetched Username: pkkdesakaranganyar with page count: 0

------------------------------

18-01-2023 01:58:34 : Successfully Fetched Username: pkkwargakerta with page count: 0

------------------------------

18-01-2023 01:58:31 : Successfully Fetched Username: tp_pkk_desa_tarogong with page count: 0

------------------------------

18-01-2023 01:58:29 : Successfully Fetched Username: tp.pkkbinong with page count: 0

------------------------------

18-01-2023 01:58:27 : Successfully Fetched Username: pkk.desalengkong.bagja with page count: 0

------------------------------

18-01-2023 01:58:25 : Successfully Fetched Username: pkk_desajatibarang.indramayu with page count: 0

------------------------------

18-01-2023 01:58:22 : Successfully Fetched Username: pkk_desa_malongpong with page count: 0

------------------------------

18-01-2023 01:58:21 : Successfully Fetched Username: pkk_desa_jalatrang_kuningan with page count: 0

------------------------------

18-01-2023 01:58:19 : Successfully Fetched Username: pkk_ciawiasih with page count: 0

------------------------------

18-01-2023 01:58:17 : Successfully Fetched Username: pkkmustikajaya with page count: 0

------------------------------

18-01-2023 01:58:15 : Successfully Fetched Username: pkk_desasumberjaya with page count: 0

------------------------------

18-01-2023 01:58:12 : Successfully Fetched Username: pkkdesasukasari with page count: 0

------------------------------

18-01-2023 01:58:10 : TODO fetch more to get more post

------------------------------

18-01-2023 01:58:10 : Successfully Fetched Username: tppkkdesapa with page count: 0

------------------------------

18-01-2023 01:58:08 : Successfully Fetched Username: tppkkcadassari with page count: 0

------------------------------

18-01-2023 01:58:06 : Successfully Fetched Username: tp_pkk_mekarsari with page count: 0

------------------------------

18-01-2023 01:58:04 : Successfully Fetched Username: tppkkdesapasirhalang with page count: 0

------------------------------

18-01-2023 01:58:02 : USERNAME: error: fetchNewProfile => TIMEOUT

------------------------------

18-01-2023 01:57:56 : Successfully Fetched Username: pkkdesabarengkok with page count: 0

------------------------------

18-01-2023 01:57:54 : Successfully Fetched Username: pkkpangandaran with page count: 0

------------------------------

18-01-2023 01:57:51 : Successfully Fetched Username: pkkbdgbarat with page count: 0

------------------------------

18-01-2023 01:57:49 : Successfully Fetched Username: pkk_kotatasik with page count: 0

------------------------------

18-01-2023 01:57:47 : Successfully Fetched Username: tp.pkk_kota_cimahi with page count: 0

------------------------------

18-01-2023 01:57:44 : Successfully Fetched Username: pkksumedang with page count: 0

------------------------------

18-01-2023 01:57:41 : Successfully Fetched Username: pkk.tasikmalayakab with page count: 0

------------------------------

18-01-2023 01:57:34 : Session has been loaded in the browser

------------------------------

18-01-2023 01:57:34 : File exist

------------------------------

18-01-2023 01:57:34 : Get file: D:\PROGRAMMING_JOURNEY\THE_PROJECTS\Focuson_Project_DEV\IdeaGeneratorV2_PROJECT\IdeaGeneratorv2_DEV\BOT_ENGINE\IgBot_2\src\service\sessions\kuepakoy80.json

------------------------------

18-01-2023 01:57:34 : INIT: Initialized!

------------------------------

18-01-2023 01:57:32 : INIT: Initializing The Browser!

------------------------------

18-01-2023 01:54:18 : Successfully Fetched Username: tp_pkk_desa_tarogong with page count: 0

------------------------------

18-01-2023 01:54:16 : Successfully Fetched Username: tp.pkkbinong with page count: 0

------------------------------

18-01-2023 01:54:14 : Successfully Fetched Username: pkk.desalengkong.bagja with page count: 0

------------------------------

18-01-2023 01:54:11 : Successfully Fetched Username: pkk_desajatibarang.indramayu with page count: 0

------------------------------

18-01-2023 01:54:09 : Successfully Fetched Username: pkk_desa_malongpong with page count: 0

------------------------------

18-01-2023 01:54:07 : Successfully Fetched Username: pkk_desa_jalatrang_kuningan with page count: 0

------------------------------

18-01-2023 01:54:04 : Successfully Fetched Username: pkk_ciawiasih with page count: 0

------------------------------

18-01-2023 01:54:02 : Successfully Fetched Username: pkkmustikajaya with page count: 0

------------------------------

18-01-2023 01:54:01 : Successfully Fetched Username: pkk_desasumberjaya with page count: 0

------------------------------

18-01-2023 01:53:59 : Successfully Fetched Username: pkkdesasukasari with page count: 0

------------------------------

18-01-2023 01:53:56 : TODO fetch more to get more post

------------------------------

18-01-2023 01:53:56 : Successfully Fetched Username: tppkkdesapa with page count: 0

------------------------------

18-01-2023 01:53:55 : Successfully Fetched Username: tppkkcadassari with page count: 0

------------------------------

18-01-2023 01:53:53 : Successfully Fetched Username: tp_pkk_mekarsari with page count: 0

------------------------------

18-01-2023 01:53:50 : Successfully Fetched Username: tppkkdesapasirhalang with page count: 0

------------------------------

18-01-2023 01:53:48 : USERNAME: error: fetchNewProfile => TIMEOUT

------------------------------

18-01-2023 01:53:40 : Successfully Fetched Username: pkkdesabarengkok with page count: 0

------------------------------

18-01-2023 01:53:38 : Successfully Fetched Username: pkkpangandaran with page count: 0

------------------------------

18-01-2023 01:53:36 : Successfully Fetched Username: pkkbdgbarat with page count: 0

------------------------------

18-01-2023 01:53:33 : Successfully Fetched Username: pkk_kotatasik with page count: 0

------------------------------

18-01-2023 01:53:31 : Successfully Fetched Username: tp.pkk_kota_cimahi with page count: 0

------------------------------

18-01-2023 01:53:28 : Successfully Fetched Username: pkksumedang with page count: 0

------------------------------

18-01-2023 01:53:26 : Successfully Fetched Username: pkk.tasikmalayakab with page count: 0

------------------------------

18-01-2023 01:53:21 : Session has been loaded in the browser

------------------------------

18-01-2023 01:53:21 : File exist

------------------------------

18-01-2023 01:53:21 : Get file: D:\PROGRAMMING_JOURNEY\THE_PROJECTS\Focuson_Project_DEV\IdeaGeneratorV2_PROJECT\IdeaGeneratorv2_DEV\BOT_ENGINE\IgBot_2\src\service\sessions\kuepakoy80.json

------------------------------

18-01-2023 01:53:21 : INIT: Initialized!

------------------------------

18-01-2023 01:53:19 : INIT: Initializing The Browser!

------------------------------

18-01-2023 01:50:49 : username: enrekanginfo	follower: 71067	like: 192	index: 0	prefComment: 4	getComment: 4	response: 0	w/zero: 0	w/less3: 0	URL: https://instagram.com/p/Cnf1H9VtQWF

------------------------------

18-01-2023 01:50:43 : username: enrekanginfo	follower: 71067	like: 818	index: 0	prefComment: 6	getComment: 6	response: 0	w/zero: 0	w/less3: 0	URL: https://instagram.com/p/CngGNd2PEG3

------------------------------

18-01-2023 01:50:38 : username: enrekanginfo	follower: 71067	like: 311	index: 0	prefComment: 3	getComment: 3	response: 0	w/zero: 0	w/less3: 0	URL: https://instagram.com/p/CngXpZsvgKz

------------------------------

18-01-2023 01:50:32 : username: enrekanginfo	follower: 71067	like: 215	index: 1	prefComment: 11	getComment: 11	response: 0	w/zero: 0	w/less3: 1	URL: https://instagram.com/p/CngyqCRtUnW

------------------------------

18-01-2023 01:50:24 : username: enrekanginfo	follower: 71067	like: 258	index: 0	prefComment: 2	getComment: 2	response: 0	w/zero: 0	w/less3: 0	URL: https://instagram.com/p/Cng7jIxtv9S

------------------------------

18-01-2023 01:50:19 : Successfully Fetched Username: enrekanginfo with page count: 8

------------------------------

18-01-2023 01:50:11 : username: info.bulukumba	follower: 55984	like: 944	index: 0	prefComment: 4	getComment: 4	response: 0	w/zero: 0	w/less3: 0	URL: https://instagram.com/p/CnfjzbeDx6F

------------------------------

18-01-2023 01:50:06 : username: info.bulukumba	follower: 55984	like: 661	index: 0	prefComment: 2	getComment: 2	response: 0	w/zero: 0	w/less3: 0	URL: https://instagram.com/p/CnfkyclDq1l

------------------------------

18-01-2023 01:50:00 : PROBLEM: not same between commentCount and otherComment+responseCount

------------------------------

18-01-2023 01:50:00 : username: info.bulukumba	follower: 55984	like: 1544	index: 0	prefComment: 17	getComment: 16	response: 0	w/zero: 0	w/less3: 0	URL: https://instagram.com/p/Cnf8fLqJoar

------------------------------

18-01-2023 01:49:54 : Successfully Fetched Username: info.bulukumba with page count: 3

------------------------------

18-01-2023 01:49:49 : username: boneterkini	follower: 208043	like: 744	index: 0	prefComment: 2	getComment: 2	response: 0	w/zero: 0	w/less3: 0	URL: https://instagram.com/p/CngSWgCK0e0

------------------------------

18-01-2023 01:49:44 : Successfully Fetched Username: boneterkini with page count: 1

------------------------------

18-01-2023 01:49:39 : Successfully Fetched Username: kabar.bantaeng with page count: 0

------------------------------

18-01-2023 01:49:28 : Successfully Fetched Username: kelurahan_lebakgede with page count: 6

------------------------------

18-01-2023 01:49:21 : Successfully Fetched Username: kelurahan_dunguscariang with page count: 2

------------------------------

18-01-2023 01:49:17 : Successfully Fetched Username: kel_babakan with page count: 0

------------------------------

18-01-2023 01:49:13 : USERNAME: error: fetchNewProfile => TIMEOUT

------------------------------

18-01-2023 01:49:09 : Successfully Fetched Username: kelcimahpar with page count: 0

------------------------------

18-01-2023 01:49:04 : Successfully Fetched Username: kel_sempur with page count: 0

------------------------------

18-01-2023 01:48:59 : Successfully Fetched Username: kelurahancipaku with page count: 1

------------------------------

18-01-2023 01:48:54 : Successfully Fetched Username: desamasawah with page count: 1

------------------------------

18-01-2023 01:48:50 : Successfully Fetched Username: kelurahan_mulyaharja with page count: 0

------------------------------

18-01-2023 01:48:47 : Successfully Fetched Username: desaciburial with page count: 0

------------------------------

18-01-2023 01:48:43 : Successfully Fetched Username: kecamatanciawi_official with page count: 0

------------------------------

18-01-2023 01:48:37 : Successfully Fetched Username: kecharjamukti with page count: 1

------------------------------

18-01-2023 01:48:32 : Successfully Fetched Username: kec_bogorutara with page count: 1

------------------------------

18-01-2023 01:48:27 : Successfully Fetched Username: kecamatanbogortimur with page count: 1

------------------------------

18-01-2023 01:48:20 : Successfully Fetched Username: kecamatanleuwiliang with page count: 2

------------------------------

18-01-2023 01:48:15 : Successfully Fetched Username: kecamatanbogortengah with page count: 1

------------------------------

18-01-2023 01:48:11 : Successfully Fetched Username: kecamatancileungsi with page count: 0

------------------------------

18-01-2023 01:47:59 : username: prokompim.subang	follower: 11943	like: 31	index: 0	prefComment: 1	getComment: 1	response: 0	w/zero: 0	w/less3: 0	URL: https://instagram.com/p/Cnf6spsLL-V

------------------------------

18-01-2023 01:47:54 : username: prokompim.subang	follower: 11943	like: 13	index: 0	prefComment: 1	getComment: 1	response: 0	w/zero: 0	w/less3: 0	URL: https://instagram.com/p/Cnf8ZHyOYTq

------------------------------

18-01-2023 01:47:48 : Successfully Fetched Username: prokompim.subang with page count: 7

------------------------------

18-01-2023 01:47:43 : Successfully Fetched Username: diskominfokrwkab with page count: 0

------------------------------

18-01-2023 01:47:38 : Successfully Fetched Username: bppsdmp with page count: 1

------------------------------

18-01-2023 01:47:35 : Successfully Fetched Username: distphbun_sulsel with page count: 0

------------------------------

18-01-2023 01:47:32 : Successfully Fetched Username: pertaniantph.sumsel with page count: 0

------------------------------

18-01-2023 01:47:25 : Successfully Fetched Username: ntbdistanbun with page count: 2

------------------------------

18-01-2023 01:47:22 : Successfully Fetched Username: distanpanganbali with page count: 0

------------------------------

18-01-2023 01:47:19 : Successfully Fetched Username: dinas.kptph.lampung with page count: 0

------------------------------

18-01-2023 01:47:14 : Successfully Fetched Username: dipertakpjatim with page count: 1

------------------------------

18-01-2023 01:47:09 : Successfully Fetched Username: distanbun_jtg with page count: 1

------------------------------

18-01-2023 01:47:06 : Successfully Fetched Username: dkpkp.jakarta with page count: 0

------------------------------

18-01-2023 01:47:00 : username: biro_umumjabar	follower: 2832	like: 64	index: 0	prefComment: 10	getComment: 8	response: 2	w/zero: 0	w/less3: 0	URL: https://instagram.com/p/CngkX2Rhh_f

------------------------------

18-01-2023 01:46:54 : Successfully Fetched Username: biro_umumjabar with page count: 2

------------------------------

18-01-2023 01:46:51 : Successfully Fetched Username: tppkk.babakan with page count: 0

------------------------------

18-01-2023 01:46:47 : Successfully Fetched Username: tp_pkk_sukajaya with page count: 0

------------------------------

18-01-2023 01:46:44 : Successfully Fetched Username: pkk_desaciwaruga with page count: 0

------------------------------

18-01-2023 01:46:40 : Successfully Fetched Username: tppkkkarangmekar with page count: 0

------------------------------

18-01-2023 01:46:36 : Successfully Fetched Username: tppkk_kelcilembangkeccihideung with page count: 0

------------------------------

18-01-2023 01:46:33 : Successfully Fetched Username: pkkdesakaranganyar with page count: 0

------------------------------

18-01-2023 01:46:29 : Successfully Fetched Username: pkkwargakerta with page count: 0

------------------------------

18-01-2023 01:46:26 : Successfully Fetched Username: tp_pkk_desa_tarogong with page count: 0

------------------------------

18-01-2023 01:46:22 : Successfully Fetched Username: tp.pkkbinong with page count: 0

------------------------------

18-01-2023 01:46:17 : Successfully Fetched Username: pkk.desalengkong.bagja with page count: 0

------------------------------

18-01-2023 01:46:13 : Successfully Fetched Username: pkk_desajatibarang.indramayu with page count: 0

------------------------------

18-01-2023 01:46:10 : Successfully Fetched Username: pkk_desa_malongpong with page count: 0

------------------------------

18-01-2023 01:46:07 : Successfully Fetched Username: pkk_desa_jalatrang_kuningan with page count: 0

------------------------------

18-01-2023 01:46:03 : Successfully Fetched Username: pkk_ciawiasih with page count: 0

------------------------------

18-01-2023 01:46:01 : Successfully Fetched Username: pkkmustikajaya with page count: 0

------------------------------

18-01-2023 01:45:58 : Successfully Fetched Username: pkk_desasumberjaya with page count: 0

------------------------------

18-01-2023 01:45:55 : Successfully Fetched Username: pkkdesasukasari with page count: 0

------------------------------

18-01-2023 01:45:52 : TODO fetch more to get more post

------------------------------

18-01-2023 01:45:52 : Successfully Fetched Username: tppkkdesapa with page count: 0

------------------------------

18-01-2023 01:45:50 : Successfully Fetched Username: tppkkcadassari with page count: 0

------------------------------

18-01-2023 01:45:46 : Successfully Fetched Username: tp_pkk_mekarsari with page count: 0

------------------------------

18-01-2023 01:45:43 : Successfully Fetched Username: tppkkdesapasirhalang with page count: 0

------------------------------

18-01-2023 01:45:40 : USERNAME: error: fetchNewProfile => TIMEOUT

------------------------------

18-01-2023 01:45:31 : Successfully Fetched Username: pkkdesabarengkok with page count: 0

------------------------------

18-01-2023 01:45:28 : Successfully Fetched Username: pkkpangandaran with page count: 0

------------------------------

18-01-2023 01:45:23 : Successfully Fetched Username: pkkbdgbarat with page count: 0

------------------------------

18-01-2023 01:45:12 : Session has been loaded in the browser

------------------------------

18-01-2023 01:45:12 : File exist

------------------------------

18-01-2023 01:45:12 : Get file: D:\PROGRAMMING_JOURNEY\THE_PROJECTS\Focuson_Project_DEV\IdeaGeneratorV2_PROJECT\IdeaGeneratorv2_DEV\BOT_ENGINE\IgBot_2\src\service\sessions\kuepakoy80.json

------------------------------

18-01-2023 01:45:12 : INIT: Initialized!

------------------------------

18-01-2023 01:45:09 : INIT: Initializing The Browser!

------------------------------

18-01-2023 01:41:19 : Successfully Fetched Username: pkk_desa_malongpong with page count: 0

------------------------------

18-01-2023 01:41:16 : Successfully Fetched Username: pkk_desa_jalatrang_kuningan with page count: 0

------------------------------

18-01-2023 01:41:13 : Successfully Fetched Username: pkk_ciawiasih with page count: 0

------------------------------

18-01-2023 01:41:10 : Successfully Fetched Username: pkkmustikajaya with page count: 0

------------------------------

18-01-2023 01:41:07 : Successfully Fetched Username: pkk_desasumberjaya with page count: 0

------------------------------

18-01-2023 01:41:04 : Successfully Fetched Username: pkkdesasukasari with page count: 0

------------------------------

18-01-2023 01:41:01 : TODO fetch more to get more post

------------------------------

18-01-2023 01:41:01 : Successfully Fetched Username: tppkkdesapa with page count: 0

------------------------------

18-01-2023 01:40:58 : Successfully Fetched Username: tppkkcadassari with page count: 0

------------------------------

18-01-2023 01:40:55 : Successfully Fetched Username: tp_pkk_mekarsari with page count: 0

------------------------------

18-01-2023 01:40:52 : Successfully Fetched Username: tppkkdesapasirhalang with page count: 0

------------------------------

18-01-2023 01:40:49 : USERNAME: error: fetchNewProfile => TIMEOUT

------------------------------

18-01-2023 01:40:38 : Successfully Fetched Username: pkkdesabarengkok with page count: 0

------------------------------

18-01-2023 01:40:35 : Successfully Fetched Username: pkkpangandaran with page count: 0

------------------------------

18-01-2023 01:40:31 : Successfully Fetched Username: pkkbdgbarat with page count: 0

------------------------------

18-01-2023 01:40:23 : Session has been loaded in the browser

------------------------------

18-01-2023 01:40:23 : File exist

------------------------------

18-01-2023 01:40:23 : Get file: D:\PROGRAMMING_JOURNEY\THE_PROJECTS\Focuson_Project_DEV\IdeaGeneratorV2_PROJECT\IdeaGeneratorv2_DEV\BOT_ENGINE\IgBot_2\src\service\sessions\kuepakoy80.json

------------------------------

18-01-2023 01:40:23 : INIT: Initialized!

------------------------------

18-01-2023 01:40:20 : INIT: Initializing The Browser!

------------------------------

18-01-2023 01:37:54 : Successfully Fetched Username: pkkmustikajaya with page count: 0

------------------------------

18-01-2023 01:37:49 : Successfully Fetched Username: pkk_desasumberjaya with page count: 0

------------------------------

18-01-2023 01:37:43 : Successfully Fetched Username: pkkdesasukasari with page count: 0

------------------------------

18-01-2023 01:37:37 : TODO fetch more to get more post

------------------------------

18-01-2023 01:37:37 : Successfully Fetched Username: tppkkdesapa with page count: 0

------------------------------

18-01-2023 01:37:31 : Successfully Fetched Username: tppkkcadassari with page count: 0

------------------------------

18-01-2023 01:37:24 : Successfully Fetched Username: tppkkciherangpacet with page count: 1

------------------------------

18-01-2023 01:37:18 : Successfully Fetched Username: tp_pkk_mekarsari with page count: 0

------------------------------

18-01-2023 01:37:12 : Successfully Fetched Username: tppkkdesapasirhalang with page count: 0

------------------------------

18-01-2023 01:37:07 : USERNAME: error: fetchNewProfile => TIMEOUT

------------------------------

18-01-2023 01:36:50 : Successfully Fetched Username: pkkdesabarengkok with page count: 0

------------------------------

18-01-2023 01:36:44 : Successfully Fetched Username: pkkpangandaran with page count: 0

------------------------------

18-01-2023 01:36:38 : Successfully Fetched Username: pkkbdgbarat with page count: 0

------------------------------

18-01-2023 01:36:32 : Successfully Fetched Username: pkk_kotatasik with page count: 0

------------------------------

18-01-2023 01:36:25 : Successfully Fetched Username: tp.pkk_kota_cimahi with page count: 0

------------------------------

18-01-2023 01:36:19 : Successfully Fetched Username: pkksumedang with page count: 0

------------------------------

18-01-2023 01:36:12 : Successfully Fetched Username: pkk.tasikmalayakab with page count: 0

------------------------------

18-01-2023 01:36:01 : Session has been loaded in the browser

------------------------------

18-01-2023 01:36:01 : File exist

------------------------------

18-01-2023 01:36:01 : Get file: D:\PROGRAMMING_JOURNEY\THE_PROJECTS\Focuson_Project_DEV\IdeaGeneratorV2_PROJECT\IdeaGeneratorv2_DEV\BOT_ENGINE\IgBot_2\src\service\sessions\kuepakoy80.json

------------------------------

18-01-2023 01:36:01 : INIT: Initialized!

------------------------------

18-01-2023 01:35:57 : INIT: Initializing The Browser!

------------------------------

18-01-2023 01:32:00 : Successfully Fetched Username: pkk_kotatasik with page count: 0

------------------------------

18-01-2023 01:31:54 : Successfully Fetched Username: tp.pkk_kota_cimahi with page count: 0

------------------------------

18-01-2023 01:31:47 : Successfully Fetched Username: pkksumedang with page count: 0

------------------------------

18-01-2023 01:31:39 : Successfully Fetched Username: pkk.tasikmalayakab with page count: 0

------------------------------

18-01-2023 01:31:31 : Session has been loaded in the browser

------------------------------

18-01-2023 01:31:31 : File exist

------------------------------

18-01-2023 01:31:31 : Get file: D:\PROGRAMMING_JOURNEY\THE_PROJECTS\Focuson_Project_DEV\IdeaGeneratorV2_PROJECT\IdeaGeneratorv2_DEV\BOT_ENGINE\IgBot_2\src\service\sessions\kuepakoy80.json

------------------------------

18-01-2023 01:31:30 : INIT: Initialized!

------------------------------

18-01-2023 01:31:27 : INIT: Initializing The Browser!

------------------------------

18-01-2023 01:30:48 : Login failed

------------------------------

18-01-2023 01:30:48 : LOGIN: error TypeError: Cannot read properties of null (reading 'goto')

------------------------------

18-01-2023 01:30:48 : LOGIN: Loggin In! to pakoy80:test1234

------------------------------

18-01-2023 01:30:48 : Cannot read session

------------------------------

18-01-2023 01:30:48 : File exist

------------------------------

18-01-2023 01:30:48 : Get file: D:\PROGRAMMING_JOURNEY\THE_PROJECTS\Focuson_Project_DEV\IdeaGeneratorV2_PROJECT\IdeaGeneratorv2_DEV\BOT_ENGINE\IgBot_2\src\service\sessions\kuepakoy80.json

------------------------------

18-01-2023 01:30:48 : INIT: error: 

------------------------------

18-01-2023 01:30:48 : INIT: Initializing The Browser!

------------------------------

18-01-2023 01:29:08 : Login failed

------------------------------

18-01-2023 01:29:08 : LOGIN: error TypeError: Cannot read properties of null (reading 'goto')

------------------------------

18-01-2023 01:29:08 : LOGIN: Loggin In! to pakoy80:test1234

------------------------------

18-01-2023 01:29:08 : Cannot read session

------------------------------

18-01-2023 01:29:08 : File exist

------------------------------

18-01-2023 01:29:08 : Get file: D:\PROGRAMMING_JOURNEY\THE_PROJECTS\Focuson_Project_DEV\IdeaGeneratorV2_PROJECT\IdeaGeneratorv2_DEV\BOT_ENGINE\IgBot_2\src\service\sessions\kuepakoy80.json

------------------------------

18-01-2023 01:29:08 : INIT: error: 

------------------------------

18-01-2023 01:29:08 : INIT: Initializing The Browser!

------------------------------

18-01-2023 01:28:47 : Login failed

------------------------------

18-01-2023 01:28:47 : LOGIN: error TypeError: Cannot read properties of null (reading 'goto')

------------------------------

18-01-2023 01:28:47 : LOGIN: Loggin In! to pakoy80:test1234

------------------------------

18-01-2023 01:28:47 : Cannot read session

------------------------------

18-01-2023 01:28:47 : File exist

------------------------------

18-01-2023 01:28:47 : Get file: D:\PROGRAMMING_JOURNEY\THE_PROJECTS\Focuson_Project_DEV\IdeaGeneratorV2_PROJECT\IdeaGeneratorv2_DEV\BOT_ENGINE\IgBot_2\src\service\sessions\kuepakoy80.json

------------------------------

18-01-2023 01:28:47 : INIT: error: 

------------------------------

18-01-2023 01:28:47 : INIT: Initializing The Browser!

------------------------------

18-01-2023 01:25:01 : Successfully Fetched Username: pkk_kotatasik with page count: 0

------------------------------

18-01-2023 01:24:54 : Successfully Fetched Username: tp.pkk_kota_cimahi with page count: 0

------------------------------

18-01-2023 01:24:47 : Successfully Fetched Username: pkksumedang with page count: 0

------------------------------

18-01-2023 01:24:41 : Successfully Fetched Username: pkk.tasikmalayakab with page count: 0

------------------------------

18-01-2023 01:24:34 : USERNAME: error: fetchNewProfile => TIMEOUT

------------------------------

18-01-2023 01:24:17 : Successfully Fetched Username: pkk.kabbdg with page count: 0

------------------------------

18-01-2023 01:24:07 : Session has been loaded in the browser

------------------------------

18-01-2023 01:24:06 : File exist

------------------------------

18-01-2023 01:24:06 : Get file: D:\PROGRAMMING_JOURNEY\THE_PROJECTS\Focuson_Project_DEV\IdeaGeneratorV2_PROJECT\IdeaGeneratorv2_DEV\BOT_ENGINE\IgBot_2\src\service\sessions\kuepakoy80.json

------------------------------

18-01-2023 01:24:06 : INIT: Initialized!

------------------------------

18-01-2023 01:24:03 : INIT: Initializing The Browser!

------------------------------

18-01-2023 01:23:40 : Successfully Fetched Username: tp.pkk_kota_cimahi with page count: 0

------------------------------

18-01-2023 01:23:33 : Successfully Fetched Username: pkksumedang with page count: 0

------------------------------

18-01-2023 01:23:25 : Successfully Fetched Username: pkkkab.ciamis with page count: 1

------------------------------

18-01-2023 01:23:18 : Successfully Fetched Username: pkk.tasikmalayakab with page count: 0

------------------------------

18-01-2023 01:23:07 : USERNAME: error: fetchNewProfile => TIMEOUT

------------------------------

18-01-2023 01:22:46 : Session has been loaded in the browser

------------------------------

18-01-2023 01:22:46 : File exist

------------------------------

18-01-2023 01:22:46 : Get file: D:\PROGRAMMING_JOURNEY\THE_PROJECTS\Focuson_Project_DEV\IdeaGeneratorV2_PROJECT\IdeaGeneratorv2_DEV\BOT_ENGINE\IgBot_2\src\service\sessions\kuepakoy80.json

------------------------------

18-01-2023 01:22:46 : INIT: Initialized!

------------------------------

18-01-2023 01:22:42 : INIT: Initializing The Browser!

------------------------------

18-01-2023 01:20:21 : Successfully Fetched Username: pkkkab.ciamis with page count: 1

------------------------------

18-01-2023 01:20:14 : Successfully Fetched Username: pkk.tasikmalayakab with page count: 0

------------------------------

18-01-2023 01:20:05 : USERNAME: error: fetchNewProfile => TIMEOUT

------------------------------

18-01-2023 01:19:48 : Successfully Fetched Username: pkk.kabbdg with page count: 0

------------------------------

18-01-2023 01:19:37 : Session has been loaded in the browser

------------------------------

18-01-2023 01:19:36 : File exist

------------------------------

18-01-2023 01:19:36 : Get file: D:\PROGRAMMING_JOURNEY\THE_PROJECTS\Focuson_Project_DEV\IdeaGeneratorV2_PROJECT\IdeaGeneratorv2_DEV\BOT_ENGINE\IgBot_2\src\service\sessions\kuepakoy80.json

------------------------------

18-01-2023 01:19:36 : INIT: Initialized!

------------------------------

18-01-2023 01:19:30 : INIT: Initializing The Browser!

------------------------------

18-01-2023 01:17:31 : Successfully Fetched Username: pkk.kabbdg with page count: 0

------------------------------

18-01-2023 01:17:11 : Session has been loaded in the browser

------------------------------

18-01-2023 01:17:11 : File exist

------------------------------

18-01-2023 01:17:11 : Get file: D:\PROGRAMMING_JOURNEY\THE_PROJECTS\Focuson_Project_DEV\IdeaGeneratorV2_PROJECT\IdeaGeneratorv2_DEV\BOT_ENGINE\IgBot_2\src\service\sessions\kuepakoy80.json

------------------------------

18-01-2023 01:17:11 : INIT: Initialized!

------------------------------

18-01-2023 01:17:06 : INIT: Initializing The Browser!

------------------------------

