18-01-2023 11:03:02 : FINISH get contributors like with username: pkm.cipamokolan and shortcode: Cnggrf0PZps

------------------------------

18-01-2023 11:03:02 : START get contributors like with username: pkm.cipamokolan and shortcode: Cnggrf0PZps

------------------------------

18-01-2023 11:03:02 : FINISH get contributors like with username: pkm.cipamokolan and shortcode: CnghgYPPHeZ

------------------------------

18-01-2023 11:03:02 : START get contributors like with username: pkm.cipamokolan and shortcode: CnghgYPPHeZ

------------------------------

18-01-2023 11:02:07 : FINISH get contributors like with username: puskesmas_cijagralama and shortcode: CnhElR7PIle

------------------------------

18-01-2023 11:02:07 : START get contributors like with username: puskesmas_cijagralama and shortcode: CnhElR7PIle

------------------------------

18-01-2023 11:01:22 : FINISH get contributors like with username: uptdpuskesmascibuntu and shortcode: CngkEptLZv9

------------------------------

18-01-2023 11:01:22 : START get contributors like with username: uptdpuskesmascibuntu and shortcode: CngkEptLZv9

------------------------------

18-01-2023 11:01:22 : FINISH get contributors like with username: uptdpuskesmascibuntu and shortcode: CngkWRBLgJa

------------------------------

18-01-2023 11:01:22 : START get contributors like with username: uptdpuskesmascibuntu and shortcode: CngkWRBLgJa

------------------------------

18-01-2023 11:01:22 : FINISH get contributors like with username: uptdpuskesmascibuntu and shortcode: CngkjjhLUjW

------------------------------

18-01-2023 11:01:22 : START get contributors like with username: uptdpuskesmascibuntu and shortcode: CngkjjhLUjW

------------------------------

18-01-2023 10:58:32 : FINISH get contributors like with username: bpbdkabtasikmalaya.id and shortcode: Cnf6G5rhqMW

------------------------------

18-01-2023 10:58:32 : START get contributors like with username: bpbdkabtasikmalaya.id and shortcode: Cnf6G5rhqMW

------------------------------

18-01-2023 10:58:32 : FINISH get contributors like with username: bpbdkabtasikmalaya.id and shortcode: Cnf_HpmhSIT

------------------------------

18-01-2023 10:58:32 : START get contributors like with username: bpbdkabtasikmalaya.id and shortcode: Cnf_HpmhSIT

------------------------------

18-01-2023 10:48:20 : FINISH get contributors like with username: tppkkmajalengka and shortcode: CngY_nuIJZ0

------------------------------

18-01-2023 10:48:20 : START get contributors like with username: tppkkmajalengka and shortcode: CngY_nuIJZ0

------------------------------

18-01-2023 10:48:20 : FINISH get contributors like with username: tppkkmajalengka and shortcode: CngaBfmL5V8

------------------------------

18-01-2023 10:48:20 : START get contributors like with username: tppkkmajalengka and shortcode: CngaBfmL5V8

------------------------------

18-01-2023 10:35:39 : FINISH get contributors like with username: pkk_kotabekasi and shortcode: CnguoQLyeHo

------------------------------

18-01-2023 10:35:39 : START get contributors like with username: pkk_kotabekasi and shortcode: CnguoQLyeHo

------------------------------

18-01-2023 10:35:25 : FINISH get contributors like with username: pkkkab.cianjur and shortcode: Cngo2UZBYsu

------------------------------

18-01-2023 10:35:25 : START get contributors like with username: pkkkab.cianjur and shortcode: Cngo2UZBYsu

------------------------------

18-01-2023 10:35:22 : FINISH get contributors like with username: pkkkab.cianjur and shortcode: Cngo3g-JNQW

------------------------------

18-01-2023 10:35:22 : START get contributors like with username: pkkkab.cianjur and shortcode: Cngo3g-JNQW

------------------------------

18-01-2023 10:33:19 : Cannot Login

------------------------------

18-01-2023 02:08:24 : FINISH get contributors like with username: uptpuskesmascaringin and shortcode: CngAmw9PCfg

------------------------------

18-01-2023 02:08:24 : START get contributors like with username: uptpuskesmascaringin and shortcode: CngAmw9PCfg

------------------------------

18-01-2023 02:08:12 : FINISH get contributors like with username: pkmbabakansurabaya and shortcode: CnhBvjUpWVz

------------------------------

18-01-2023 02:08:12 : START get contributors like with username: pkmbabakansurabaya and shortcode: CnhBvjUpWVz

------------------------------

18-01-2023 02:08:04 : FINISH get contributors like with username: puskesmasbabakansari and shortcode: CnhExkWv13U

------------------------------

18-01-2023 02:08:04 : START get contributors like with username: puskesmasbabakansari and shortcode: CnhExkWv13U

------------------------------

18-01-2023 02:07:50 : FINISH get contributors like with username: zitaanjani and shortcode: Cng7X2FOq0a

------------------------------

18-01-2023 02:07:50 : START get contributors like with username: zitaanjani and shortcode: Cng7X2FOq0a

------------------------------

18-01-2023 02:07:42 : FINISH get contributors like with username: airinrachmidiany and shortcode: CngCzJlKKCg

------------------------------

18-01-2023 02:07:42 : START get contributors like with username: airinrachmidiany and shortcode: CngCzJlKKCg

------------------------------

18-01-2023 02:07:32 : FINISH get contributors like with username: ahmadsahroni88 and shortcode: CngHf1gyoKC

------------------------------

18-01-2023 02:07:32 : START get contributors like with username: ahmadsahroni88 and shortcode: CngHf1gyoKC

------------------------------

18-01-2023 02:07:28 : FINISH get contributors like with username: ahmadsahroni88 and shortcode: CngbzGrqTqp

------------------------------

18-01-2023 02:07:28 : START get contributors like with username: ahmadsahroni88 and shortcode: CngbzGrqTqp

------------------------------

18-01-2023 02:07:23 : FINISH get contributors like with username: ahmadsahroni88 and shortcode: CnhHBHoopKx

------------------------------

18-01-2023 02:07:23 : START get contributors like with username: ahmadsahroni88 and shortcode: CnhHBHoopKx

------------------------------

18-01-2023 02:07:12 : FINISH get contributors like with username: gibran_rakabuming and shortcode: CngcwyYpF5E

------------------------------

18-01-2023 02:07:12 : START get contributors like with username: gibran_rakabuming and shortcode: CngcwyYpF5E

------------------------------

18-01-2023 02:07:07 : FINISH get contributors like with username: gibran_rakabuming and shortcode: CngczR9JRY6

------------------------------

18-01-2023 02:07:07 : START get contributors like with username: gibran_rakabuming and shortcode: CngczR9JRY6

------------------------------

18-01-2023 02:07:02 : FINISH get contributors like with username: gibran_rakabuming and shortcode: Cngc1TfpkzO

------------------------------

18-01-2023 02:07:02 : START get contributors like with username: gibran_rakabuming and shortcode: Cngc1TfpkzO

------------------------------

18-01-2023 02:06:41 : FINISH get contributors like with username: gibran_rakabuming and shortcode: CnhBCswp073

------------------------------

18-01-2023 02:06:41 : START get contributors like with username: gibran_rakabuming and shortcode: CnhBCswp073

------------------------------

18-01-2023 02:06:33 : FINISH get contributors like with username: gibran_rakabuming and shortcode: CnhBFDpJ_As

------------------------------

18-01-2023 02:06:33 : START get contributors like with username: gibran_rakabuming and shortcode: CnhBFDpJ_As

------------------------------

18-01-2023 02:06:28 : FINISH get contributors like with username: gibran_rakabuming and shortcode: CnhBGt_pJHO

------------------------------

18-01-2023 02:06:28 : START get contributors like with username: gibran_rakabuming and shortcode: CnhBGt_pJHO

------------------------------

18-01-2023 02:05:59 : FINISH get contributors like with username: satpolppkabtasik and shortcode: Cnhb8hsJ6jj

------------------------------

18-01-2023 02:05:59 : START get contributors like with username: satpolppkabtasik and shortcode: Cnhb8hsJ6jj

------------------------------

18-01-2023 02:05:44 : FINISH get contributors like with username: pemkabtasik and shortcode: CngdhbPP4n9

------------------------------

18-01-2023 02:05:44 : START get contributors like with username: pemkabtasik and shortcode: CngdhbPP4n9

------------------------------

18-01-2023 02:05:29 : FINISH get contributors like with username: kominfopalembang and shortcode: Cng8KsvJ1YV

------------------------------

18-01-2023 02:05:29 : START get contributors like with username: kominfopalembang and shortcode: Cng8KsvJ1YV

------------------------------

18-01-2023 02:05:22 : FINISH get contributors like with username: kominfo_pemkot_tsm and shortcode: CngFzWgrAR1

------------------------------

18-01-2023 02:05:22 : START get contributors like with username: kominfo_pemkot_tsm and shortcode: CngFzWgrAR1

------------------------------

18-01-2023 02:05:22 : FINISH get contributors like with username: kominfo_pemkot_tsm and shortcode: CngMY2VPCsB

------------------------------

18-01-2023 02:05:22 : START get contributors like with username: kominfo_pemkot_tsm and shortcode: CngMY2VPCsB

------------------------------

18-01-2023 02:05:22 : FINISH get contributors like with username: kominfo_pemkot_tsm and shortcode: CngdNJ9LFxx

------------------------------

18-01-2023 02:05:22 : START get contributors like with username: kominfo_pemkot_tsm and shortcode: CngdNJ9LFxx

------------------------------

18-01-2023 02:05:22 : FINISH get contributors like with username: kominfo_pemkot_tsm and shortcode: CngeORtr8gn

------------------------------

18-01-2023 02:05:22 : START get contributors like with username: kominfo_pemkot_tsm and shortcode: CngeORtr8gn

------------------------------

18-01-2023 02:05:22 : FINISH get contributors like with username: kominfo_pemkot_tsm and shortcode: CngjUO2LMbi

------------------------------

18-01-2023 02:05:22 : START get contributors like with username: kominfo_pemkot_tsm and shortcode: CngjUO2LMbi

------------------------------

18-01-2023 02:05:22 : FINISH get contributors like with username: kominfo_pemkot_tsm and shortcode: CnguwcYpTxX

------------------------------

18-01-2023 02:05:22 : START get contributors like with username: kominfo_pemkot_tsm and shortcode: CnguwcYpTxX

------------------------------

18-01-2023 02:05:22 : FINISH get contributors like with username: kominfo_pemkot_tsm and shortcode: Cng3dZmrhTA

------------------------------

18-01-2023 02:05:22 : START get contributors like with username: kominfo_pemkot_tsm and shortcode: Cng3dZmrhTA

------------------------------

18-01-2023 02:05:22 : FINISH get contributors like with username: kominfo_pemkot_tsm and shortcode: Cng6V8BLHeT

------------------------------

18-01-2023 02:05:22 : START get contributors like with username: kominfo_pemkot_tsm and shortcode: Cng6V8BLHeT

------------------------------

18-01-2023 02:05:17 : FINISH get contributors like with username: humas_kota_tangerang and shortcode: CngToR7PY3C

------------------------------

18-01-2023 02:05:17 : START get contributors like with username: humas_kota_tangerang and shortcode: CngToR7PY3C

------------------------------

18-01-2023 02:05:17 : FINISH get contributors like with username: humas_kota_tangerang and shortcode: CngvdItvqog

------------------------------

18-01-2023 02:05:17 : START get contributors like with username: humas_kota_tangerang and shortcode: CngvdItvqog

------------------------------

18-01-2023 02:05:17 : FINISH get contributors like with username: humas_kota_tangerang and shortcode: Cng4zFLP0cR

------------------------------

18-01-2023 02:05:17 : START get contributors like with username: humas_kota_tangerang and shortcode: Cng4zFLP0cR

------------------------------

18-01-2023 02:05:17 : FINISH get contributors like with username: humas_kota_tangerang and shortcode: Cnf3fcMvo_m

------------------------------

18-01-2023 02:05:17 : START get contributors like with username: humas_kota_tangerang and shortcode: Cnf3fcMvo_m

------------------------------

18-01-2023 02:05:06 : FINISH get contributors like with username: humaskotatangsel and shortcode: CngjaL0PPEZ

------------------------------

18-01-2023 02:05:06 : START get contributors like with username: humaskotatangsel and shortcode: CngjaL0PPEZ

------------------------------

18-01-2023 02:05:01 : FINISH get contributors like with username: humaskotatangsel and shortcode: CngpSDFPuNY

------------------------------

18-01-2023 02:05:01 : START get contributors like with username: humaskotatangsel and shortcode: CngpSDFPuNY

------------------------------

18-01-2023 02:04:55 : FINISH get contributors like with username: humaskotatangsel and shortcode: CnhJh48PkQ1

------------------------------

18-01-2023 02:04:55 : START get contributors like with username: humaskotatangsel and shortcode: CnhJh48PkQ1

------------------------------

18-01-2023 02:04:55 : FINISH get contributors like with username: humaskotatangsel and shortcode: CnhR-4MJLie

------------------------------

18-01-2023 02:04:55 : START get contributors like with username: humaskotatangsel and shortcode: CnhR-4MJLie

------------------------------

18-01-2023 02:04:55 : FINISH get contributors like with username: humaskotatangsel and shortcode: CnhTge7Punw

------------------------------

18-01-2023 02:04:55 : START get contributors like with username: humaskotatangsel and shortcode: CnhTge7Punw

------------------------------

18-01-2023 02:04:45 : FINISH get contributors like with username: pemkotmadiun_ and shortcode: Cnf6DBVKXYC

------------------------------

18-01-2023 02:04:45 : START get contributors like with username: pemkotmadiun_ and shortcode: Cnf6DBVKXYC

------------------------------

18-01-2023 02:04:39 : FINISH get contributors like with username: pemkotmadiun_ and shortcode: CngdiNJPXpq

------------------------------

18-01-2023 02:04:39 : START get contributors like with username: pemkotmadiun_ and shortcode: CngdiNJPXpq

------------------------------

18-01-2023 02:04:34 : FINISH get contributors like with username: pemkotmadiun_ and shortcode: CnhRvFMvixu

------------------------------

18-01-2023 02:04:34 : START get contributors like with username: pemkotmadiun_ and shortcode: CnhRvFMvixu

------------------------------

18-01-2023 02:04:29 : FINISH get contributors like with username: pemkotmadiun_ and shortcode: CnhR5Asv18U

------------------------------

18-01-2023 02:04:29 : START get contributors like with username: pemkotmadiun_ and shortcode: CnhR5Asv18U

------------------------------

18-01-2023 02:04:25 : FINISH get contributors like with username: pemkot_balikpapan and shortcode: Cnf8YgdBh1e

------------------------------

18-01-2023 02:04:25 : START get contributors like with username: pemkot_balikpapan and shortcode: Cnf8YgdBh1e

------------------------------

18-01-2023 02:04:09 : FINISH get contributors like with username: pemkot_solo and shortcode: CngHT4QPyrJ

------------------------------

18-01-2023 02:04:09 : START get contributors like with username: pemkot_solo and shortcode: CngHT4QPyrJ

------------------------------

18-01-2023 02:03:56 : FINISH get contributors like with username: humasjogja and shortcode: CnhFCVmpdgs

------------------------------

18-01-2023 02:03:56 : START get contributors like with username: humasjogja and shortcode: CnhFCVmpdgs

------------------------------

18-01-2023 02:03:45 : FINISH get contributors like with username: humasjogja and shortcode: CnhId30Prtm

------------------------------

18-01-2023 02:03:45 : START get contributors like with username: humasjogja and shortcode: CnhId30Prtm

------------------------------

18-01-2023 02:03:45 : FINISH get contributors like with username: humasjogja and shortcode: CnhK4HNJH2e

------------------------------

18-01-2023 02:03:45 : START get contributors like with username: humasjogja and shortcode: CnhK4HNJH2e

------------------------------

18-01-2023 02:03:45 : FINISH get contributors like with username: humasjogja and shortcode: CnhO6mMvBMk

------------------------------

18-01-2023 02:03:45 : START get contributors like with username: humasjogja and shortcode: CnhO6mMvBMk

------------------------------

18-01-2023 02:03:30 : FINISH get contributors like with username: bpbdsumedang and shortcode: CnfrA3oh3Kh

------------------------------

18-01-2023 02:03:30 : START get contributors like with username: bpbdsumedang and shortcode: CnfrA3oh3Kh

------------------------------

18-01-2023 02:03:30 : FINISH get contributors like with username: bpbdsumedang and shortcode: CngcqULL_f-

------------------------------

18-01-2023 02:03:30 : START get contributors like with username: bpbdsumedang and shortcode: CngcqULL_f-

------------------------------

18-01-2023 02:03:30 : FINISH get contributors like with username: bpbdsumedang and shortcode: CnhB0G5tc1o

------------------------------

18-01-2023 02:03:30 : START get contributors like with username: bpbdsumedang and shortcode: CnhB0G5tc1o

------------------------------

18-01-2023 02:03:20 : FINISH get contributors like with username: kesbangpol.sumedang and shortcode: CngC3DWp7iV

------------------------------

18-01-2023 02:03:20 : START get contributors like with username: kesbangpol.sumedang and shortcode: CngC3DWp7iV

------------------------------

18-01-2023 02:03:20 : FINISH get contributors like with username: kesbangpol.sumedang and shortcode: CngxBU_p0td

------------------------------

18-01-2023 02:03:20 : START get contributors like with username: kesbangpol.sumedang and shortcode: CngxBU_p0td

------------------------------

18-01-2023 02:03:15 : FINISH get contributors like with username: kesbangpol.sumedang and shortcode: CnhLFuIBtjy

------------------------------

18-01-2023 02:03:15 : START get contributors like with username: kesbangpol.sumedang and shortcode: CnhLFuIBtjy

------------------------------

18-01-2023 02:03:10 : FINISH get contributors like with username: rsudkabsumedang and shortcode: CngBoraPIY6

------------------------------

18-01-2023 02:03:10 : START get contributors like with username: rsudkabsumedang and shortcode: CngBoraPIY6

------------------------------

18-01-2023 02:03:10 : FINISH get contributors like with username: rsudkabsumedang and shortcode: Cngc-OXM357

------------------------------

18-01-2023 02:03:10 : START get contributors like with username: rsudkabsumedang and shortcode: Cngc-OXM357

------------------------------

18-01-2023 02:03:10 : FINISH get contributors like with username: rsudkabsumedang and shortcode: CnggGXBAUHd

------------------------------

18-01-2023 02:03:10 : START get contributors like with username: rsudkabsumedang and shortcode: CnggGXBAUHd

------------------------------

18-01-2023 02:03:10 : FINISH get contributors like with username: rsudkabsumedang and shortcode: Cngzl3Gj4Ez

------------------------------

18-01-2023 02:03:10 : START get contributors like with username: rsudkabsumedang and shortcode: Cngzl3Gj4Ez

------------------------------

18-01-2023 02:03:10 : FINISH get contributors like with username: rsudkabsumedang and shortcode: CnhGkRaIpa4

------------------------------

18-01-2023 02:03:10 : START get contributors like with username: rsudkabsumedang and shortcode: CnhGkRaIpa4

------------------------------

18-01-2023 02:03:03 : FINISH get contributors like with username: bkadsumedang and shortcode: CnguriRpyFK

------------------------------

18-01-2023 02:03:03 : START get contributors like with username: bkadsumedang and shortcode: CnguriRpyFK

------------------------------

18-01-2023 02:03:00 : FINISH get contributors like with username: bkpsdmsumedang and shortcode: Cnfrkznh_zT

------------------------------

18-01-2023 02:03:00 : START get contributors like with username: bkpsdmsumedang and shortcode: Cnfrkznh_zT

------------------------------

18-01-2023 02:03:00 : FINISH get contributors like with username: bkpsdmsumedang and shortcode: Cnf8rEipvVG

------------------------------

18-01-2023 02:03:00 : START get contributors like with username: bkpsdmsumedang and shortcode: Cnf8rEipvVG

------------------------------

18-01-2023 02:03:00 : FINISH get contributors like with username: bkpsdmsumedang and shortcode: CnghjJWpSzc

------------------------------

18-01-2023 02:03:00 : START get contributors like with username: bkpsdmsumedang and shortcode: CnghjJWpSzc

------------------------------

18-01-2023 02:02:54 : FINISH get contributors like with username: bappppedasumedang and shortcode: Cngk8QfvKuE

------------------------------

18-01-2023 02:02:54 : START get contributors like with username: bappppedasumedang and shortcode: Cngk8QfvKuE

------------------------------

18-01-2023 02:02:54 : FINISH get contributors like with username: bappppedasumedang and shortcode: Cngqc7-vPjN

------------------------------

18-01-2023 02:02:54 : START get contributors like with username: bappppedasumedang and shortcode: Cngqc7-vPjN

------------------------------

18-01-2023 02:02:51 : FINISH get contributors like with username: disarpus_smd and shortcode: CngdwhkvPmZ

------------------------------

18-01-2023 02:02:51 : START get contributors like with username: disarpus_smd and shortcode: CngdwhkvPmZ

------------------------------

18-01-2023 02:02:47 : FINISH get contributors like with username: disparbudpora.kabsumedang and shortcode: Cngpr4npbUW

------------------------------

18-01-2023 02:02:47 : START get contributors like with username: disparbudpora.kabsumedang and shortcode: Cngpr4npbUW

------------------------------

18-01-2023 02:02:47 : FINISH get contributors like with username: disparbudpora.kabsumedang and shortcode: CngwP4tpg0y

------------------------------

18-01-2023 02:02:47 : START get contributors like with username: disparbudpora.kabsumedang and shortcode: CngwP4tpg0y

------------------------------

18-01-2023 02:02:43 : FINISH get contributors like with username: dpmptsp.sumedang and shortcode: CngXfh_pPCq

------------------------------

18-01-2023 02:02:43 : START get contributors like with username: dpmptsp.sumedang and shortcode: CngXfh_pPCq

------------------------------

18-01-2023 02:02:43 : FINISH get contributors like with username: dpmptsp.sumedang and shortcode: Cngdel5q6de

------------------------------

18-01-2023 02:02:43 : START get contributors like with username: dpmptsp.sumedang and shortcode: Cngdel5q6de

------------------------------

18-01-2023 02:02:43 : FINISH get contributors like with username: dpmptsp.sumedang and shortcode: CngehRWILG2

------------------------------

18-01-2023 02:02:43 : START get contributors like with username: dpmptsp.sumedang and shortcode: CngehRWILG2

------------------------------

18-01-2023 02:02:36 : FINISH get contributors like with username: dishubsumedang and shortcode: Cne9OUkBg7h

------------------------------

18-01-2023 02:02:36 : START get contributors like with username: dishubsumedang and shortcode: Cne9OUkBg7h

------------------------------

18-01-2023 02:02:36 : FINISH get contributors like with username: dishubsumedang and shortcode: CnfhtQ4hu-p

------------------------------

18-01-2023 02:02:36 : START get contributors like with username: dishubsumedang and shortcode: CnfhtQ4hu-p

------------------------------

18-01-2023 02:02:36 : FINISH get contributors like with username: dishubsumedang and shortcode: CnfiFTeh-Az

------------------------------

18-01-2023 02:02:36 : START get contributors like with username: dishubsumedang and shortcode: CnfiFTeh-Az

------------------------------

18-01-2023 02:02:36 : FINISH get contributors like with username: dishubsumedang and shortcode: CnfjF2Oh_iJ

------------------------------

18-01-2023 02:02:36 : START get contributors like with username: dishubsumedang and shortcode: CnfjF2Oh_iJ

------------------------------

18-01-2023 02:02:36 : FINISH get contributors like with username: dishubsumedang and shortcode: CnfvNWVhPYv

------------------------------

18-01-2023 02:02:36 : START get contributors like with username: dishubsumedang and shortcode: CnfvNWVhPYv

------------------------------

18-01-2023 02:02:36 : FINISH get contributors like with username: dishubsumedang and shortcode: CngGBL_JN8h

------------------------------

18-01-2023 02:02:36 : START get contributors like with username: dishubsumedang and shortcode: CngGBL_JN8h

------------------------------

18-01-2023 02:02:36 : FINISH get contributors like with username: dishubsumedang and shortcode: CngHOOYB5x3

------------------------------

18-01-2023 02:02:36 : START get contributors like with username: dishubsumedang and shortcode: CngHOOYB5x3

------------------------------

18-01-2023 02:02:31 : FINISH get contributors like with username: dpmdkabsumedang and shortcode: CnggrYBJAji

------------------------------

18-01-2023 02:02:31 : START get contributors like with username: dpmdkabsumedang and shortcode: CnggrYBJAji

------------------------------

18-01-2023 02:02:27 : FINISH get contributors like with username: disdukcapil_sumedang and shortcode: CngbdCAqe_I

------------------------------

18-01-2023 02:02:27 : START get contributors like with username: disdukcapil_sumedang and shortcode: CngbdCAqe_I

------------------------------

18-01-2023 02:02:27 : FINISH get contributors like with username: disdukcapil_sumedang and shortcode: Cng-sSJpPQm

------------------------------

18-01-2023 02:02:27 : START get contributors like with username: disdukcapil_sumedang and shortcode: Cng-sSJpPQm

------------------------------

18-01-2023 02:02:16 : FINISH get contributors like with username: dinsos.kabsumedang and shortcode: CngiSooJwBS

------------------------------

18-01-2023 02:02:16 : START get contributors like with username: dinsos.kabsumedang and shortcode: CngiSooJwBS

------------------------------

18-01-2023 02:02:16 : FINISH get contributors like with username: dinsos.kabsumedang and shortcode: Cng0aDWJV45

------------------------------

18-01-2023 02:02:16 : START get contributors like with username: dinsos.kabsumedang and shortcode: Cng0aDWJV45

------------------------------

18-01-2023 02:02:16 : FINISH get contributors like with username: dinsos.kabsumedang and shortcode: Cng-0XIJb83

------------------------------

18-01-2023 02:02:16 : START get contributors like with username: dinsos.kabsumedang and shortcode: Cng-0XIJb83

------------------------------

18-01-2023 02:02:16 : FINISH get contributors like with username: dinsos.kabsumedang and shortcode: Cng_SoYJF0Y

------------------------------

18-01-2023 02:02:16 : START get contributors like with username: dinsos.kabsumedang and shortcode: Cng_SoYJF0Y

------------------------------

18-01-2023 02:02:11 : FINISH get contributors like with username: dinsos.kabsumedang and shortcode: Cng_560pmv9

------------------------------

18-01-2023 02:02:11 : START get contributors like with username: dinsos.kabsumedang and shortcode: Cng_560pmv9

------------------------------

18-01-2023 02:02:11 : FINISH get contributors like with username: dinsos.kabsumedang and shortcode: CnhARP5pXEF

------------------------------

18-01-2023 02:02:11 : START get contributors like with username: dinsos.kabsumedang and shortcode: CnhARP5pXEF

------------------------------

18-01-2023 02:02:11 : FINISH get contributors like with username: dinsos.kabsumedang and shortcode: CnhA4QdJaat

------------------------------

18-01-2023 02:02:11 : START get contributors like with username: dinsos.kabsumedang and shortcode: CnhA4QdJaat

------------------------------

18-01-2023 02:02:07 : FINISH get contributors like with username: satpolpp_sumedang and shortcode: Cnf106VBtT0

------------------------------

18-01-2023 02:02:07 : START get contributors like with username: satpolpp_sumedang and shortcode: Cnf106VBtT0

------------------------------

18-01-2023 02:02:07 : FINISH get contributors like with username: satpolpp_sumedang and shortcode: Cnf9DQBJlwL

------------------------------

18-01-2023 02:02:07 : START get contributors like with username: satpolpp_sumedang and shortcode: Cnf9DQBJlwL

------------------------------

18-01-2023 02:02:07 : FINISH get contributors like with username: satpolpp_sumedang and shortcode: Cnf9hu-J2V2

------------------------------

18-01-2023 02:02:07 : START get contributors like with username: satpolpp_sumedang and shortcode: Cnf9hu-J2V2

------------------------------

18-01-2023 02:02:07 : FINISH get contributors like with username: satpolpp_sumedang and shortcode: CngD8-sJ9LI

------------------------------

18-01-2023 02:02:07 : START get contributors like with username: satpolpp_sumedang and shortcode: CngD8-sJ9LI

------------------------------

18-01-2023 02:01:59 : FINISH get contributors like with username: dinkes_sumedang and shortcode: CngIQ3npdAG

------------------------------

18-01-2023 02:01:59 : START get contributors like with username: dinkes_sumedang and shortcode: CngIQ3npdAG

------------------------------

18-01-2023 02:01:45 : FINISH get contributors like with username: inspektoratdaerah.kab.sumedang and shortcode: Cng-skXJL_i

------------------------------

18-01-2023 02:01:45 : START get contributors like with username: inspektoratdaerah.kab.sumedang and shortcode: Cng-skXJL_i

------------------------------

18-01-2023 02:01:40 : FINISH get contributors like with username: cecepnurulyakin77 and shortcode: CngxudxuOVD

------------------------------

18-01-2023 02:01:40 : START get contributors like with username: cecepnurulyakin77 and shortcode: CngxudxuOVD

------------------------------

18-01-2023 02:01:26 : FINISH get contributors like with username: maros.informasi and shortcode: CnfrzScBnRD

------------------------------

18-01-2023 02:01:26 : START get contributors like with username: maros.informasi and shortcode: CnfrzScBnRD

------------------------------

18-01-2023 02:01:21 : FINISH get contributors like with username: maros.informasi and shortcode: Cnf6fy6hzbw

------------------------------

18-01-2023 02:01:21 : START get contributors like with username: maros.informasi and shortcode: Cnf6fy6hzbw

------------------------------

18-01-2023 02:01:16 : FINISH get contributors like with username: maros.informasi and shortcode: Cnf7OcKhYkf

------------------------------

18-01-2023 02:01:16 : START get contributors like with username: maros.informasi and shortcode: Cnf7OcKhYkf

------------------------------

18-01-2023 02:01:11 : FINISH get contributors like with username: maros.informasi and shortcode: CngLDohBb11

------------------------------

18-01-2023 02:01:11 : START get contributors like with username: maros.informasi and shortcode: CngLDohBb11

------------------------------

18-01-2023 02:01:04 : FINISH get contributors like with username: maros.informasi and shortcode: Cngibm9hYt9

------------------------------

18-01-2023 02:01:04 : START get contributors like with username: maros.informasi and shortcode: Cngibm9hYt9

------------------------------

18-01-2023 02:01:01 : FINISH get contributors like with username: maros.informasi and shortcode: Cng3_dBB2Jy

------------------------------

18-01-2023 02:01:01 : START get contributors like with username: maros.informasi and shortcode: Cng3_dBB2Jy

------------------------------

18-01-2023 02:00:59 : FINISH get contributors like with username: maros.informasi and shortcode: Cng-_bThBBr

------------------------------

18-01-2023 02:00:59 : START get contributors like with username: maros.informasi and shortcode: Cng-_bThBBr

------------------------------

18-01-2023 02:00:55 : FINISH get contributors like with username: diskominfo_palopo and shortcode: CngJKDiLMpO

------------------------------

18-01-2023 02:00:55 : START get contributors like with username: diskominfo_palopo and shortcode: CngJKDiLMpO

------------------------------

18-01-2023 02:00:55 : FINISH get contributors like with username: diskominfo_palopo and shortcode: CngsUbJrGOM

------------------------------

18-01-2023 02:00:55 : START get contributors like with username: diskominfo_palopo and shortcode: CngsUbJrGOM

------------------------------

18-01-2023 02:00:47 : FINISH get contributors like with username: takalarinfo and shortcode: CngsNtfSZXH

------------------------------

18-01-2023 02:00:47 : START get contributors like with username: takalarinfo and shortcode: CngsNtfSZXH

------------------------------

18-01-2023 02:00:38 : FINISH get contributors like with username: sinjaiinformasi and shortcode: CnguS-NydgN

------------------------------

18-01-2023 02:00:38 : START get contributors like with username: sinjaiinformasi and shortcode: CnguS-NydgN

------------------------------

18-01-2023 02:00:26 : FINISH get contributors like with username: info.lutim and shortcode: CngtkqivDED

------------------------------

18-01-2023 02:00:26 : START get contributors like with username: info.lutim and shortcode: CngtkqivDED

------------------------------

18-01-2023 02:00:17 : FINISH get contributors like with username: gowa_iinfo and shortcode: Cnf20ZgPtZF

------------------------------

18-01-2023 02:00:17 : START get contributors like with username: gowa_iinfo and shortcode: Cnf20ZgPtZF

------------------------------

18-01-2023 02:00:12 : FINISH get contributors like with username: gowa_iinfo and shortcode: CngFgl-KlYC

------------------------------

18-01-2023 02:00:12 : START get contributors like with username: gowa_iinfo and shortcode: CngFgl-KlYC

------------------------------

18-01-2023 02:00:07 : FINISH get contributors like with username: gowa_iinfo and shortcode: CngrfZrK2sv

------------------------------

18-01-2023 02:00:07 : START get contributors like with username: gowa_iinfo and shortcode: CngrfZrK2sv

------------------------------

18-01-2023 01:59:55 : FINISH get contributors like with username: enrekanginfo and shortcode: Cnf1H9VtQWF

------------------------------

18-01-2023 01:59:55 : START get contributors like with username: enrekanginfo and shortcode: Cnf1H9VtQWF

------------------------------

18-01-2023 01:59:50 : FINISH get contributors like with username: enrekanginfo and shortcode: CngGNd2PEG3

------------------------------

18-01-2023 01:59:50 : START get contributors like with username: enrekanginfo and shortcode: CngGNd2PEG3

------------------------------

18-01-2023 01:59:44 : FINISH get contributors like with username: enrekanginfo and shortcode: CngXpZsvgKz

------------------------------

18-01-2023 01:59:44 : START get contributors like with username: enrekanginfo and shortcode: CngXpZsvgKz

------------------------------

18-01-2023 01:59:39 : FINISH get contributors like with username: enrekanginfo and shortcode: Cngr_llvl0V

------------------------------

18-01-2023 01:59:39 : START get contributors like with username: enrekanginfo and shortcode: Cngr_llvl0V

------------------------------

18-01-2023 01:59:39 : FINISH get contributors like with username: enrekanginfo and shortcode: CngyqCRtUnW

------------------------------

18-01-2023 01:59:39 : START get contributors like with username: enrekanginfo and shortcode: CngyqCRtUnW

------------------------------

18-01-2023 01:59:31 : FINISH get contributors like with username: enrekanginfo and shortcode: Cng1juiNh1K

------------------------------

18-01-2023 01:59:31 : START get contributors like with username: enrekanginfo and shortcode: Cng1juiNh1K

------------------------------

18-01-2023 01:59:31 : FINISH get contributors like with username: enrekanginfo and shortcode: Cng7jIxtv9S

------------------------------

18-01-2023 01:59:31 : START get contributors like with username: enrekanginfo and shortcode: Cng7jIxtv9S

------------------------------

18-01-2023 01:59:26 : FINISH get contributors like with username: enrekanginfo and shortcode: CnhQGJ2rC8V

------------------------------

18-01-2023 01:59:26 : START get contributors like with username: enrekanginfo and shortcode: CnhQGJ2rC8V

------------------------------

18-01-2023 01:50:49 : FINISH get contributors like with username: enrekanginfo and shortcode: Cnf1H9VtQWF

------------------------------

18-01-2023 01:50:49 : START get contributors like with username: enrekanginfo and shortcode: Cnf1H9VtQWF

------------------------------

18-01-2023 01:50:43 : FINISH get contributors like with username: enrekanginfo and shortcode: CngGNd2PEG3

------------------------------

18-01-2023 01:50:43 : START get contributors like with username: enrekanginfo and shortcode: CngGNd2PEG3

------------------------------

18-01-2023 01:50:38 : FINISH get contributors like with username: enrekanginfo and shortcode: CngXpZsvgKz

------------------------------

18-01-2023 01:50:38 : START get contributors like with username: enrekanginfo and shortcode: CngXpZsvgKz

------------------------------

18-01-2023 01:50:32 : FINISH get contributors like with username: enrekanginfo and shortcode: Cngr_llvl0V

------------------------------

18-01-2023 01:50:32 : START get contributors like with username: enrekanginfo and shortcode: Cngr_llvl0V

------------------------------

18-01-2023 01:50:32 : FINISH get contributors like with username: enrekanginfo and shortcode: CngyqCRtUnW

------------------------------

18-01-2023 01:50:32 : START get contributors like with username: enrekanginfo and shortcode: CngyqCRtUnW

------------------------------

18-01-2023 01:50:24 : FINISH get contributors like with username: enrekanginfo and shortcode: Cng1juiNh1K

------------------------------

18-01-2023 01:50:24 : START get contributors like with username: enrekanginfo and shortcode: Cng1juiNh1K

------------------------------

18-01-2023 01:50:24 : FINISH get contributors like with username: enrekanginfo and shortcode: Cng7jIxtv9S

------------------------------

18-01-2023 01:50:24 : START get contributors like with username: enrekanginfo and shortcode: Cng7jIxtv9S

------------------------------

18-01-2023 01:50:19 : FINISH get contributors like with username: enrekanginfo and shortcode: CnhQGJ2rC8V

------------------------------

18-01-2023 01:50:19 : START get contributors like with username: enrekanginfo and shortcode: CnhQGJ2rC8V

------------------------------

18-01-2023 01:50:11 : FINISH get contributors like with username: info.bulukumba and shortcode: CnfjzbeDx6F

------------------------------

18-01-2023 01:50:11 : START get contributors like with username: info.bulukumba and shortcode: CnfjzbeDx6F

------------------------------

18-01-2023 01:50:06 : FINISH get contributors like with username: info.bulukumba and shortcode: CnfkyclDq1l

------------------------------

18-01-2023 01:50:06 : START get contributors like with username: info.bulukumba and shortcode: CnfkyclDq1l

------------------------------

18-01-2023 01:50:00 : FINISH get contributors like with username: info.bulukumba and shortcode: Cnf8fLqJoar

------------------------------

18-01-2023 01:50:00 : START get contributors like with username: info.bulukumba and shortcode: Cnf8fLqJoar

------------------------------

18-01-2023 01:49:49 : FINISH get contributors like with username: boneterkini and shortcode: CngSWgCK0e0

------------------------------

18-01-2023 01:49:49 : START get contributors like with username: boneterkini and shortcode: CngSWgCK0e0

------------------------------

18-01-2023 01:49:28 : FINISH get contributors like with username: kelurahan_lebakgede and shortcode: CnfmbYwhN-D

------------------------------

18-01-2023 01:49:28 : START get contributors like with username: kelurahan_lebakgede and shortcode: CnfmbYwhN-D

------------------------------

18-01-2023 01:49:28 : FINISH get contributors like with username: kelurahan_lebakgede and shortcode: Cng4MXDB5I7

------------------------------

18-01-2023 01:49:28 : START get contributors like with username: kelurahan_lebakgede and shortcode: Cng4MXDB5I7

------------------------------

18-01-2023 01:49:28 : FINISH get contributors like with username: kelurahan_lebakgede and shortcode: Cng4ihQhcE2

------------------------------

18-01-2023 01:49:28 : START get contributors like with username: kelurahan_lebakgede and shortcode: Cng4ihQhcE2

------------------------------

18-01-2023 01:49:28 : FINISH get contributors like with username: kelurahan_lebakgede and shortcode: Cng4__fhAzY

------------------------------

18-01-2023 01:49:28 : START get contributors like with username: kelurahan_lebakgede and shortcode: Cng4__fhAzY

------------------------------

18-01-2023 01:49:28 : FINISH get contributors like with username: kelurahan_lebakgede and shortcode: Cng5f3Zh2XN

------------------------------

18-01-2023 01:49:28 : START get contributors like with username: kelurahan_lebakgede and shortcode: Cng5f3Zh2XN

------------------------------

18-01-2023 01:49:28 : FINISH get contributors like with username: kelurahan_lebakgede and shortcode: CngCyBxBdh1

------------------------------

18-01-2023 01:49:28 : START get contributors like with username: kelurahan_lebakgede and shortcode: CngCyBxBdh1

------------------------------

18-01-2023 01:49:21 : FINISH get contributors like with username: kelurahan_dunguscariang and shortcode: CnhDKX3hadj

------------------------------

18-01-2023 01:49:21 : START get contributors like with username: kelurahan_dunguscariang and shortcode: CnhDKX3hadj

------------------------------

18-01-2023 01:49:21 : FINISH get contributors like with username: kelurahan_dunguscariang and shortcode: CnhDTi4BWjM

------------------------------

18-01-2023 01:49:21 : START get contributors like with username: kelurahan_dunguscariang and shortcode: CnhDTi4BWjM

------------------------------

18-01-2023 01:48:59 : FINISH get contributors like with username: kelurahancipaku and shortcode: CngLVu5J3Tm

------------------------------

18-01-2023 01:48:59 : START get contributors like with username: kelurahancipaku and shortcode: CngLVu5J3Tm

------------------------------

18-01-2023 01:48:54 : FINISH get contributors like with username: desamasawah and shortcode: CnhMJaMKcra

------------------------------

18-01-2023 01:48:54 : START get contributors like with username: desamasawah and shortcode: CnhMJaMKcra

------------------------------

18-01-2023 01:48:37 : FINISH get contributors like with username: kecharjamukti and shortcode: CngUJSvrTkT

------------------------------

18-01-2023 01:48:37 : START get contributors like with username: kecharjamukti and shortcode: CngUJSvrTkT

------------------------------

18-01-2023 01:48:32 : FINISH get contributors like with username: kec_bogorutara and shortcode: CnhGfD1rMpB

------------------------------

18-01-2023 01:48:32 : START get contributors like with username: kec_bogorutara and shortcode: CnhGfD1rMpB

------------------------------

18-01-2023 01:48:27 : FINISH get contributors like with username: kecamatanbogortimur and shortcode: Cnfwz2YpvS3

------------------------------

18-01-2023 01:48:27 : START get contributors like with username: kecamatanbogortimur and shortcode: Cnfwz2YpvS3

------------------------------

18-01-2023 01:48:20 : FINISH get contributors like with username: kecamatanleuwiliang and shortcode: CngeRWPoHXC

------------------------------

18-01-2023 01:48:20 : START get contributors like with username: kecamatanleuwiliang and shortcode: CngeRWPoHXC

------------------------------

18-01-2023 01:48:20 : FINISH get contributors like with username: kecamatanleuwiliang and shortcode: CnhNqNGPLUa

------------------------------

18-01-2023 01:48:20 : START get contributors like with username: kecamatanleuwiliang and shortcode: CnhNqNGPLUa

------------------------------

18-01-2023 01:48:15 : FINISH get contributors like with username: kecamatanbogortengah and shortcode: CngYEK9rsTg

------------------------------

18-01-2023 01:48:15 : START get contributors like with username: kecamatanbogortengah and shortcode: CngYEK9rsTg

------------------------------

18-01-2023 01:47:59 : FINISH get contributors like with username: prokompim.subang and shortcode: Cnf5paXJI92

------------------------------

18-01-2023 01:47:59 : START get contributors like with username: prokompim.subang and shortcode: Cnf5paXJI92

------------------------------

18-01-2023 01:47:59 : FINISH get contributors like with username: prokompim.subang and shortcode: Cnf6spsLL-V

------------------------------

18-01-2023 01:47:59 : START get contributors like with username: prokompim.subang and shortcode: Cnf6spsLL-V

------------------------------

18-01-2023 01:47:54 : FINISH get contributors like with username: prokompim.subang and shortcode: Cnf8ZHyOYTq

------------------------------

18-01-2023 01:47:54 : START get contributors like with username: prokompim.subang and shortcode: Cnf8ZHyOYTq

------------------------------

18-01-2023 01:47:48 : FINISH get contributors like with username: prokompim.subang and shortcode: CngK8GRuVH7

------------------------------

18-01-2023 01:47:48 : START get contributors like with username: prokompim.subang and shortcode: CngK8GRuVH7

------------------------------

18-01-2023 01:47:48 : FINISH get contributors like with username: prokompim.subang and shortcode: CngMJ8SPYYK

------------------------------

18-01-2023 01:47:48 : START get contributors like with username: prokompim.subang and shortcode: CngMJ8SPYYK

------------------------------

18-01-2023 01:47:48 : FINISH get contributors like with username: prokompim.subang and shortcode: CngNbXDJHqs

------------------------------

18-01-2023 01:47:48 : START get contributors like with username: prokompim.subang and shortcode: CngNbXDJHqs

------------------------------

18-01-2023 01:47:48 : FINISH get contributors like with username: prokompim.subang and shortcode: CngOxBRuZ_k

------------------------------

18-01-2023 01:47:48 : START get contributors like with username: prokompim.subang and shortcode: CngOxBRuZ_k

------------------------------

18-01-2023 01:47:38 : FINISH get contributors like with username: bppsdmp and shortcode: CngBqpbhqs6

------------------------------

18-01-2023 01:47:38 : START get contributors like with username: bppsdmp and shortcode: CngBqpbhqs6

------------------------------

18-01-2023 01:47:25 : FINISH get contributors like with username: ntbdistanbun and shortcode: Cnf4YvUBVd8

------------------------------

18-01-2023 01:47:25 : START get contributors like with username: ntbdistanbun and shortcode: Cnf4YvUBVd8

------------------------------

18-01-2023 01:47:25 : FINISH get contributors like with username: ntbdistanbun and shortcode: Cnf5RBOhxSZ

------------------------------

18-01-2023 01:47:25 : START get contributors like with username: ntbdistanbun and shortcode: Cnf5RBOhxSZ

------------------------------

18-01-2023 01:47:14 : FINISH get contributors like with username: dipertakpjatim and shortcode: CngwtDlyKGs

------------------------------

18-01-2023 01:47:14 : START get contributors like with username: dipertakpjatim and shortcode: CngwtDlyKGs

------------------------------

18-01-2023 01:47:09 : FINISH get contributors like with username: distanbun_jtg and shortcode: CngcnKJydK0

------------------------------

18-01-2023 01:47:09 : START get contributors like with username: distanbun_jtg and shortcode: CngcnKJydK0

------------------------------

18-01-2023 01:47:00 : FINISH get contributors like with username: biro_umumjabar and shortcode: Cnf9Hkxhgmt

------------------------------

18-01-2023 01:47:00 : START get contributors like with username: biro_umumjabar and shortcode: Cnf9Hkxhgmt

------------------------------

18-01-2023 01:47:00 : FINISH get contributors like with username: biro_umumjabar and shortcode: CngkX2Rhh_f

------------------------------

18-01-2023 01:47:00 : START get contributors like with username: biro_umumjabar and shortcode: CngkX2Rhh_f

------------------------------

18-01-2023 01:37:24 : FINISH get contributors like with username: tppkkciherangpacet and shortcode: CngB1GeSpRV

------------------------------

18-01-2023 01:37:24 : START get contributors like with username: tppkkciherangpacet and shortcode: CngB1GeSpRV

------------------------------

18-01-2023 01:30:48 : Cannot Login

------------------------------

18-01-2023 01:29:08 : Cannot Login

------------------------------

18-01-2023 01:28:47 : Cannot Login

------------------------------

18-01-2023 01:23:25 : FINISH get contributors like with username: pkkkab.ciamis and shortcode: CnhXAuKKn6y

------------------------------

18-01-2023 01:23:25 : START get contributors like with username: pkkkab.ciamis and shortcode: CnhXAuKKn6y

------------------------------

18-01-2023 01:20:21 : FINISH get contributors like with username: pkkkab.ciamis and shortcode: CnhXAuKKn6y

------------------------------

18-01-2023 01:20:21 : START get contributors like with username: pkkkab.ciamis and shortcode: CnhXAuKKn6y

------------------------------

