23-01-2023 11:58:46 : === FINISH scrape with 1 username(s)

------------------------------

23-01-2023 11:58:38 : FINISH get contributors like with username: call112surabaya and shortcode: CnsmGa5BAD9

------------------------------

23-01-2023 11:58:38 : START get contributors like with username: call112surabaya and shortcode: CnsmGa5BAD9

------------------------------

23-01-2023 11:58:22 : FINISH get contributors like with username: call112surabaya and shortcode: CntAgtuhjRm

------------------------------

23-01-2023 11:58:22 : START get contributors like with username: call112surabaya and shortcode: CntAgtuhjRm

------------------------------

23-01-2023 11:58:06 : FINISH get contributors like with username: call112surabaya and shortcode: CntoegfIzRq

------------------------------

23-01-2023 11:58:06 : START get contributors like with username: call112surabaya and shortcode: CntoegfIzRq

------------------------------

23-01-2023 11:57:40 : === START scrape with 1 username(s)

------------------------------

23-01-2023 11:56:55 : === FINISH scrape with 1 username(s)

------------------------------

23-01-2023 11:56:46 : FINISH get contributors like with username: call112surabaya and shortcode: CnsmGa5BAD9

------------------------------

23-01-2023 11:56:46 : START get contributors like with username: call112surabaya and shortcode: CnsmGa5BAD9

------------------------------

23-01-2023 11:56:31 : FINISH get contributors like with username: call112surabaya and shortcode: CntAgtuhjRm

------------------------------

23-01-2023 11:56:31 : START get contributors like with username: call112surabaya and shortcode: CntAgtuhjRm

------------------------------

23-01-2023 11:56:15 : FINISH get contributors like with username: call112surabaya and shortcode: CntoegfIzRq

------------------------------

23-01-2023 11:56:15 : START get contributors like with username: call112surabaya and shortcode: CntoegfIzRq

------------------------------

23-01-2023 11:55:48 : === START scrape with 1 username(s)

------------------------------

23-01-2023 11:51:33 : === FINISH scrape with 1 username(s)

------------------------------

23-01-2023 11:51:24 : FINISH get contributors like with username: call112surabaya and shortcode: CnsmGa5BAD9

------------------------------

23-01-2023 11:51:24 : START get contributors like with username: call112surabaya and shortcode: CnsmGa5BAD9

------------------------------

23-01-2023 11:51:08 : FINISH get contributors like with username: call112surabaya and shortcode: CntAgtuhjRm

------------------------------

23-01-2023 11:51:08 : START get contributors like with username: call112surabaya and shortcode: CntAgtuhjRm

------------------------------

23-01-2023 11:50:51 : FINISH get contributors like with username: call112surabaya and shortcode: CntoegfIzRq

------------------------------

23-01-2023 11:50:51 : START get contributors like with username: call112surabaya and shortcode: CntoegfIzRq

------------------------------

23-01-2023 11:50:24 : === START scrape with 1 username(s)

------------------------------

23-01-2023 11:47:53 : === FINISH scrape with 1 username(s)

------------------------------

23-01-2023 11:47:45 : FINISH get contributors like with username: call112surabaya and shortcode: CnsmGa5BAD9

------------------------------

23-01-2023 11:47:45 : START get contributors like with username: call112surabaya and shortcode: CnsmGa5BAD9

------------------------------

23-01-2023 11:47:29 : FINISH get contributors like with username: call112surabaya and shortcode: CntAgtuhjRm

------------------------------

23-01-2023 11:47:29 : START get contributors like with username: call112surabaya and shortcode: CntAgtuhjRm

------------------------------

23-01-2023 11:47:10 : FINISH get contributors like with username: call112surabaya and shortcode: CntoegfIzRq

------------------------------

23-01-2023 11:47:10 : START get contributors like with username: call112surabaya and shortcode: CntoegfIzRq

------------------------------

23-01-2023 11:46:39 : === START scrape with 1 username(s)

------------------------------

23-01-2023 11:45:45 : === FINISH scrape with 1 username(s)

------------------------------

23-01-2023 11:45:35 : FINISH get contributors like with username: call112surabaya and shortcode: CnsmGa5BAD9

------------------------------

23-01-2023 11:45:35 : START get contributors like with username: call112surabaya and shortcode: CnsmGa5BAD9

------------------------------

23-01-2023 11:45:17 : FINISH get contributors like with username: call112surabaya and shortcode: CntAgtuhjRm

------------------------------

23-01-2023 11:45:17 : START get contributors like with username: call112surabaya and shortcode: CntAgtuhjRm

------------------------------

23-01-2023 11:45:00 : FINISH get contributors like with username: call112surabaya and shortcode: CntoegfIzRq

------------------------------

23-01-2023 11:45:00 : START get contributors like with username: call112surabaya and shortcode: CntoegfIzRq

------------------------------

23-01-2023 11:44:21 : === START scrape with 1 username(s)

------------------------------

23-01-2023 11:35:08 : === FINISH scrape with 1 username(s)

------------------------------

23-01-2023 11:35:05 : FINISH get contributors like with username: call112surabaya and shortcode: CnsmGa5BAD9

------------------------------

23-01-2023 11:35:05 : START get contributors like with username: call112surabaya and shortcode: CnsmGa5BAD9

------------------------------

23-01-2023 11:34:48 : FINISH get contributors like with username: call112surabaya and shortcode: CntAgtuhjRm

------------------------------

23-01-2023 11:34:48 : START get contributors like with username: call112surabaya and shortcode: CntAgtuhjRm

------------------------------

23-01-2023 11:34:32 : FINISH get contributors like with username: call112surabaya and shortcode: CntoegfIzRq

------------------------------

23-01-2023 11:34:32 : START get contributors like with username: call112surabaya and shortcode: CntoegfIzRq

------------------------------

23-01-2023 11:34:07 : === START scrape with 1 username(s)

------------------------------

23-01-2023 11:32:25 : === FINISH scrape with 1 username(s)

------------------------------

23-01-2023 11:32:24 : FINISH get contributors like with username: bpkadjabarprov and shortcode: CntT1wKBcna

------------------------------

23-01-2023 11:32:24 : START get contributors like with username: bpkadjabarprov and shortcode: CntT1wKBcna

------------------------------

23-01-2023 11:32:15 : === START scrape with 1 username(s)

------------------------------

