23-01-2023 11:58:38 : PROBLEM: not same between commentCount and otherComment+responseCount

------------------------------

23-01-2023 11:58:38 : username: call112surabaya	follower: 235360	like: 261	index: 0	prefComment: undefined	getComment: 0	response: 0	w/zero: 0	w/less3: 0	URL: https://instagram.com/p/CnsmGa5BAD9

------------------------------

23-01-2023 11:58:22 : PROBLEM: not same between commentCount and otherComment+responseCount

------------------------------

23-01-2023 11:58:22 : username: call112surabaya	follower: 235352	like: 4986	index: 0	prefComment: undefined	getComment: 0	response: 0	w/zero: 0	w/less3: 0	URL: https://instagram.com/p/CntAgtuhjRm

------------------------------

23-01-2023 11:58:06 : PROBLEM: not same between commentCount and otherComment+responseCount

------------------------------

23-01-2023 11:58:06 : username: call112surabaya	follower: 235352	like: 3373	index: 0	prefComment: undefined	getComment: 0	response: 0	w/zero: 0	w/less3: 0	URL: https://instagram.com/p/CntoegfIzRq

------------------------------

23-01-2023 11:57:50 : Successfully Fetched Username: call112surabaya with page count: 3

------------------------------

23-01-2023 11:57:41 : Session has been loaded in the browser

------------------------------

23-01-2023 11:57:41 : File exist

------------------------------

23-01-2023 11:57:41 : Get file: D:\PROGRAMMING_JOURNEY\THE_PROJECTS\Focuson_Project_DEV\IdeaGeneratorV2_PROJECT\IdeaGeneratorv2_DEV\BOT_ENGINE\IgBot_2\src\service\sessions\kuebottestx1.json

------------------------------

23-01-2023 11:57:41 : INIT: Initialized!

------------------------------

23-01-2023 11:57:40 : INIT: Initializing The Browser!

------------------------------

23-01-2023 11:56:46 : PROBLEM: not same between commentCount and otherComment+responseCount

------------------------------

23-01-2023 11:56:46 : username: call112surabaya	follower: 235353	like: 261	index: 0	prefComment: undefined	getComment: 0	response: 0	w/zero: 0	w/less3: 0	URL: https://instagram.com/p/CnsmGa5BAD9

------------------------------

23-01-2023 11:56:31 : PROBLEM: not same between commentCount and otherComment+responseCount

------------------------------

23-01-2023 11:56:31 : username: call112surabaya	follower: 235353	like: 4983	index: 0	prefComment: undefined	getComment: 0	response: 0	w/zero: 0	w/less3: 0	URL: https://instagram.com/p/CntAgtuhjRm

------------------------------

23-01-2023 11:56:15 : PROBLEM: not same between commentCount and otherComment+responseCount

------------------------------

23-01-2023 11:56:15 : username: call112surabaya	follower: 235353	like: 3373	index: 0	prefComment: undefined	getComment: 0	response: 0	w/zero: 0	w/less3: 0	URL: https://instagram.com/p/CntoegfIzRq

------------------------------

23-01-2023 11:55:59 : Successfully Fetched Username: call112surabaya with page count: 3

------------------------------

23-01-2023 11:55:50 : Session has been loaded in the browser

------------------------------

23-01-2023 11:55:49 : File exist

------------------------------

23-01-2023 11:55:49 : Get file: D:\PROGRAMMING_JOURNEY\THE_PROJECTS\Focuson_Project_DEV\IdeaGeneratorV2_PROJECT\IdeaGeneratorv2_DEV\BOT_ENGINE\IgBot_2\src\service\sessions\kuebottestx1.json

------------------------------

23-01-2023 11:55:49 : INIT: Initialized!

------------------------------

23-01-2023 11:55:48 : INIT: Initializing The Browser!

------------------------------

23-01-2023 11:51:24 : PROBLEM: not same between commentCount and otherComment+responseCount

------------------------------

23-01-2023 11:51:24 : username: call112surabaya	follower: 235352	like: 260	index: 0	prefComment: undefined	getComment: 0	response: 0	w/zero: 0	w/less3: 0	URL: https://instagram.com/p/CnsmGa5BAD9

------------------------------

23-01-2023 11:51:08 : PROBLEM: not same between commentCount and otherComment+responseCount

------------------------------

23-01-2023 11:51:08 : username: call112surabaya	follower: 235352	like: 4982	index: 0	prefComment: undefined	getComment: 0	response: 0	w/zero: 0	w/less3: 0	URL: https://instagram.com/p/CntAgtuhjRm

------------------------------

23-01-2023 11:50:51 : PROBLEM: not same between commentCount and otherComment+responseCount

------------------------------

23-01-2023 11:50:51 : username: call112surabaya	follower: 235352	like: 3369	index: 0	prefComment: undefined	getComment: 0	response: 0	w/zero: 0	w/less3: 0	URL: https://instagram.com/p/CntoegfIzRq

------------------------------

23-01-2023 11:50:35 : Successfully Fetched Username: call112surabaya with page count: 3

------------------------------

23-01-2023 11:50:25 : Session has been loaded in the browser

------------------------------

23-01-2023 11:50:25 : File exist

------------------------------

23-01-2023 11:50:25 : Get file: D:\PROGRAMMING_JOURNEY\THE_PROJECTS\Focuson_Project_DEV\IdeaGeneratorV2_PROJECT\IdeaGeneratorv2_DEV\BOT_ENGINE\IgBot_2\src\service\sessions\kuebottestx1.json

------------------------------

23-01-2023 11:50:25 : INIT: Initialized!

------------------------------

23-01-2023 11:50:24 : INIT: Initializing The Browser!

------------------------------

23-01-2023 11:47:45 : PROBLEM: not same between commentCount and otherComment+responseCount

------------------------------

23-01-2023 11:47:45 : username: call112surabaya	follower: 235352	like: 260	index: 0	prefComment: undefined	getComment: 0	response: 0	w/zero: 0	w/less3: 0	URL: https://instagram.com/p/CnsmGa5BAD9

------------------------------

23-01-2023 11:47:29 : PROBLEM: not same between commentCount and otherComment+responseCount

------------------------------

23-01-2023 11:47:29 : username: call112surabaya	follower: 235352	like: 4982	index: 0	prefComment: undefined	getComment: 0	response: 0	w/zero: 0	w/less3: 0	URL: https://instagram.com/p/CntAgtuhjRm

------------------------------

23-01-2023 11:47:10 : PROBLEM: not same between commentCount and otherComment+responseCount

------------------------------

23-01-2023 11:47:10 : username: call112surabaya	follower: 235351	like: 3369	index: 0	prefComment: undefined	getComment: 0	response: 0	w/zero: 0	w/less3: 0	URL: https://instagram.com/p/CntoegfIzRq

------------------------------

23-01-2023 11:46:53 : Successfully Fetched Username: call112surabaya with page count: 3

------------------------------

23-01-2023 11:46:42 : Session has been loaded in the browser

------------------------------

23-01-2023 11:46:42 : File exist

------------------------------

23-01-2023 11:46:42 : Get file: D:\PROGRAMMING_JOURNEY\THE_PROJECTS\Focuson_Project_DEV\IdeaGeneratorV2_PROJECT\IdeaGeneratorv2_DEV\BOT_ENGINE\IgBot_2\src\service\sessions\kuebottestx1.json

------------------------------

23-01-2023 11:46:42 : INIT: Initialized!

------------------------------

23-01-2023 11:46:39 : INIT: Initializing The Browser!

------------------------------

23-01-2023 11:45:35 : PROBLEM: not same between commentCount and otherComment+responseCount

------------------------------

23-01-2023 11:45:35 : username: call112surabaya	follower: 235351	like: 260	index: 0	prefComment: undefined	getComment: 0	response: 0	w/zero: 0	w/less3: 0	URL: https://instagram.com/p/CnsmGa5BAD9

------------------------------

23-01-2023 11:45:17 : PROBLEM: not same between commentCount and otherComment+responseCount

------------------------------

23-01-2023 11:45:17 : username: call112surabaya	follower: 235351	like: 4980	index: 0	prefComment: undefined	getComment: 0	response: 0	w/zero: 0	w/less3: 0	URL: https://instagram.com/p/CntAgtuhjRm

------------------------------

23-01-2023 11:45:00 : PROBLEM: not same between commentCount and otherComment+responseCount

------------------------------

23-01-2023 11:45:00 : username: call112surabaya	follower: 235351	like: 3368	index: 0	prefComment: undefined	getComment: 0	response: 0	w/zero: 0	w/less3: 0	URL: https://instagram.com/p/CntoegfIzRq

------------------------------

23-01-2023 11:44:43 : Successfully Fetched Username: call112surabaya with page count: 3

------------------------------

23-01-2023 11:44:24 : Session has been loaded in the browser

------------------------------

23-01-2023 11:44:24 : File exist

------------------------------

23-01-2023 11:44:24 : Get file: D:\PROGRAMMING_JOURNEY\THE_PROJECTS\Focuson_Project_DEV\IdeaGeneratorV2_PROJECT\IdeaGeneratorv2_DEV\BOT_ENGINE\IgBot_2\src\service\sessions\kuebottestx1.json

------------------------------

23-01-2023 11:44:24 : INIT: Initialized!

------------------------------

23-01-2023 11:44:21 : INIT: Initializing The Browser!

------------------------------

23-01-2023 11:35:05 : PROBLEM: not same between commentCount and otherComment+responseCount

------------------------------

23-01-2023 11:35:05 : username: call112surabaya	follower: 235350	like: 260	index: 0	prefComment: undefined	getComment: 0	response: 0	w/zero: 0	w/less3: 0	URL: https://instagram.com/p/CnsmGa5BAD9

------------------------------

23-01-2023 11:34:48 : PROBLEM: not same between commentCount and otherComment+responseCount

------------------------------

23-01-2023 11:34:48 : username: call112surabaya	follower: 235350	like: 4979	index: 0	prefComment: undefined	getComment: 0	response: 0	w/zero: 0	w/less3: 0	URL: https://instagram.com/p/CntAgtuhjRm

------------------------------

23-01-2023 11:34:32 : PROBLEM: not same between commentCount and otherComment+responseCount

------------------------------

23-01-2023 11:34:32 : username: call112surabaya	follower: 235350	like: 3366	index: 0	prefComment: undefined	getComment: 0	response: 0	w/zero: 0	w/less3: 0	URL: https://instagram.com/p/CntoegfIzRq

------------------------------

23-01-2023 11:34:16 : Successfully Fetched Username: call112surabaya with page count: 3

------------------------------

23-01-2023 11:34:09 : Session has been loaded in the browser

------------------------------

23-01-2023 11:34:09 : File exist

------------------------------

23-01-2023 11:34:09 : Get file: D:\PROGRAMMING_JOURNEY\THE_PROJECTS\Focuson_Project_DEV\IdeaGeneratorV2_PROJECT\IdeaGeneratorv2_DEV\BOT_ENGINE\IgBot_2\src\service\sessions\kuebottestx1.json

------------------------------

23-01-2023 11:34:09 : INIT: Initialized!

------------------------------

23-01-2023 11:34:07 : INIT: Initializing The Browser!

------------------------------

23-01-2023 11:32:24 : Successfully Fetched Username: bpkadjabarprov with page count: 1

------------------------------

23-01-2023 11:32:17 : Session has been loaded in the browser

------------------------------

23-01-2023 11:32:17 : File exist

------------------------------

23-01-2023 11:32:17 : Get file: D:\PROGRAMMING_JOURNEY\THE_PROJECTS\Focuson_Project_DEV\IdeaGeneratorV2_PROJECT\IdeaGeneratorv2_DEV\BOT_ENGINE\IgBot_2\src\service\sessions\kuebottestx1.json

------------------------------

23-01-2023 11:32:17 : INIT: Initialized!

------------------------------

23-01-2023 11:32:15 : INIT: Initializing The Browser!

------------------------------

