16-01-2023 17:02:36 : Session has been loaded in the browser

------------------------------

16-01-2023 17:02:36 : File exist

------------------------------

16-01-2023 17:02:36 : Get file: D:\PROGRAMMING_JOURNEY\THE_PROJECTS\Focuson_Project_DEV\IdeaGeneratorV2_PROJECT\IdeaGeneratorv2_DEV\BOT_ENGINE\IgBot_1\src\service\sessions\kuepakoy80.json

------------------------------

16-01-2023 17:02:36 : INIT: Initialized!

------------------------------

16-01-2023 17:02:35 : INIT: Initializing The Browser!

------------------------------

16-01-2023 16:43:21 : Session has been loaded in the browser

------------------------------

16-01-2023 16:43:20 : File exist

------------------------------

16-01-2023 16:43:20 : Get file: D:\PROGRAMMING_JOURNEY\THE_PROJECTS\Focuson_Project_DEV\IdeaGeneratorV2_PROJECT\IdeaGeneratorv2_DEV\BOT_ENGINE\IgBot_1\src\service\sessions\kuepakoy80.json

------------------------------

16-01-2023 16:43:20 : INIT: Initialized!

------------------------------

16-01-2023 16:43:18 : INIT: Initializing The Browser!

------------------------------

16-01-2023 16:42:13 : Successfully Fetched Username: diskominfojabar with page count: 0

------------------------------

16-01-2023 16:42:05 : Session has been loaded in the browser

------------------------------

16-01-2023 16:42:05 : File exist

------------------------------

16-01-2023 16:42:05 : Get file: D:\PROGRAMMING_JOURNEY\THE_PROJECTS\Focuson_Project_DEV\IdeaGeneratorV2_PROJECT\IdeaGeneratorv2_DEV\BOT_ENGINE\IgBot_1\src\service\sessions\kuepakoy80.json

------------------------------

16-01-2023 16:42:05 : INIT: Initialized!

------------------------------

16-01-2023 16:42:04 : INIT: Initializing The Browser!

------------------------------

16-01-2023 16:39:10 : Session has been loaded in the browser

------------------------------

16-01-2023 16:39:10 : File exist

------------------------------

16-01-2023 16:39:10 : Get file: D:\PROGRAMMING_JOURNEY\THE_PROJECTS\Focuson_Project_DEV\IdeaGeneratorV2_PROJECT\IdeaGeneratorv2_DEV\BOT_ENGINE\IgBot_1\src\service\sessions\kuepakoy80.json

------------------------------

16-01-2023 16:39:10 : INIT: Initialized!

------------------------------

16-01-2023 16:39:08 : INIT: Initializing The Browser!

------------------------------

16-01-2023 16:38:31 : Session has been loaded in the browser

------------------------------

16-01-2023 16:38:31 : File exist

------------------------------

16-01-2023 16:38:31 : Get file: D:\PROGRAMMING_JOURNEY\THE_PROJECTS\Focuson_Project_DEV\IdeaGeneratorV2_PROJECT\IdeaGeneratorv2_DEV\BOT_ENGINE\IgBot_1\src\service\sessions\kuepakoy80.json

------------------------------

16-01-2023 16:38:31 : INIT: Initialized!

------------------------------

16-01-2023 16:38:29 : INIT: Initializing The Browser!

------------------------------

16-01-2023 16:37:27 : Session has been loaded in the browser

------------------------------

16-01-2023 16:37:27 : File exist

------------------------------

16-01-2023 16:37:27 : Get file: D:\PROGRAMMING_JOURNEY\THE_PROJECTS\Focuson_Project_DEV\IdeaGeneratorV2_PROJECT\IdeaGeneratorv2_DEV\BOT_ENGINE\IgBot_1\src\service\sessions\kuepakoy80.json

------------------------------

16-01-2023 16:37:27 : INIT: Initialized!

------------------------------

16-01-2023 16:37:25 : INIT: Initializing The Browser!

------------------------------

16-01-2023 16:36:58 : Session has been loaded in the browser

------------------------------

16-01-2023 16:36:58 : File exist

------------------------------

16-01-2023 16:36:58 : Get file: D:\PROGRAMMING_JOURNEY\THE_PROJECTS\Focuson_Project_DEV\IdeaGeneratorV2_PROJECT\IdeaGeneratorv2_DEV\BOT_ENGINE\IgBot_1\src\service\sessions\kuepakoy80.json

------------------------------

16-01-2023 16:36:58 : INIT: Initialized!

------------------------------

16-01-2023 16:36:57 : INIT: Initializing The Browser!

------------------------------

16-01-2023 16:32:12 : Successfully Fetched Username: pemkotbogor with page count: 2

------------------------------

16-01-2023 16:32:05 : Successfully Fetched Username: diskominfojabar with page count: 0

------------------------------

16-01-2023 16:31:58 : Session has been loaded in the browser

------------------------------

16-01-2023 16:31:58 : File exist

------------------------------

16-01-2023 16:31:58 : Get file: D:\PROGRAMMING_JOURNEY\THE_PROJECTS\Focuson_Project_DEV\IdeaGeneratorV2_PROJECT\IdeaGeneratorv2_DEV\BOT_ENGINE\IgBot_1\src\service\sessions\kuepakoy80.json

------------------------------

16-01-2023 16:31:58 : Successfully Logged In!

------------------------------

16-01-2023 16:31:35 : LOGIN: Loggin In! to pakoy80:test1234

------------------------------

16-01-2023 16:31:35 : Cannot read session

------------------------------

16-01-2023 16:31:35 : Kue doesn't exist

------------------------------

16-01-2023 16:31:35 : Get file: D:\PROGRAMMING_JOURNEY\THE_PROJECTS\Focuson_Project_DEV\IdeaGeneratorV2_PROJECT\IdeaGeneratorv2_DEV\BOT_ENGINE\IgBot_1\src\service\sessions\kuepakoy80.json

------------------------------

16-01-2023 16:31:35 : INIT: Initialized!

------------------------------

16-01-2023 16:31:33 : INIT: Initializing The Browser!

------------------------------

16-01-2023 16:29:58 : Login failed

------------------------------

16-01-2023 16:29:58 : LOGIN: error Error: ENOENT: no such file or directory, open 'D:\PROGRAMMING_JOURNEY\THE_PROJECTS\Focuson_Project_DEV\IdeaGeneratorV2_PROJECT\IdeaGeneratorv2_DEV\BOT_ENGINE\IgBot_1\src\service\sessions\kuepakoy80.json'

------------------------------

16-01-2023 16:29:58 : Successfully Logged In!

------------------------------

16-01-2023 16:29:35 : LOGIN: Loggin In! to pakoy80:test1234

------------------------------

16-01-2023 16:29:35 : Cannot read session

------------------------------

16-01-2023 16:29:35 : Kue doesn't exist

------------------------------

16-01-2023 16:29:35 : Get file: D:\PROGRAMMING_JOURNEY\THE_PROJECTS\Focuson_Project_DEV\IdeaGeneratorV2_PROJECT\IdeaGeneratorv2_DEV\BOT_ENGINE\IgBot_1\src\service\sessions\kuepakoy80.json

------------------------------

16-01-2023 16:29:35 : INIT: Initialized!

------------------------------

16-01-2023 16:29:33 : INIT: Initializing The Browser!

------------------------------

16-01-2023 16:28:38 : Login failed

------------------------------

16-01-2023 16:28:37 : LOGIN: error Error: ENOENT: no such file or directory, open 'D:\PROGRAMMING_JOURNEY\THE_PROJECTS\Focuson_Project_DEV\IdeaGeneratorV2_PROJECT\IdeaGeneratorv2_DEV\BOT_ENGINE\IgBot_1\src\service\sessions\kuepakoy80.json'

------------------------------

16-01-2023 16:28:37 : Successfully Logged In!

------------------------------

16-01-2023 16:28:16 : LOGIN: Loggin In! to pakoy80:test1234

------------------------------

16-01-2023 16:28:16 : Cannot read session

------------------------------

16-01-2023 16:28:16 : Kue doesn't exist

------------------------------

16-01-2023 16:28:16 : Get file: D:\PROGRAMMING_JOURNEY\THE_PROJECTS\Focuson_Project_DEV\IdeaGeneratorV2_PROJECT\IdeaGeneratorv2_DEV\BOT_ENGINE\IgBot_1\src\service\sessions\kuepakoy80.json

------------------------------

16-01-2023 16:28:16 : INIT: Initialized!

------------------------------

16-01-2023 16:28:15 : INIT: Initializing The Browser!

------------------------------

16-01-2023 16:10:52 : Login failed

------------------------------

16-01-2023 16:10:52 : LOGIN: error Error: ENOENT: no such file or directory, open 'D:\PROGRAMMING_JOURNEY\THE_PROJECTS\Focuson_Project_DEV\IdeaGeneratorV2_PROJECT\IdeaGeneratorv2_DEV\BOT_ENGINE\IgBot_1\src\service\sessions\kuepakoy80.json'

------------------------------

16-01-2023 16:10:52 : Successfully Logged In!

------------------------------

16-01-2023 16:10:32 : LOGIN: Loggin In! to pakoy80:test1234

------------------------------

16-01-2023 16:10:32 : Cannot read session

------------------------------

16-01-2023 16:10:32 : Kue doesn't exist

------------------------------

16-01-2023 16:10:32 : Get file: D:\PROGRAMMING_JOURNEY\THE_PROJECTS\Focuson_Project_DEV\IdeaGeneratorV2_PROJECT\IdeaGeneratorv2_DEV\BOT_ENGINE\IgBot_1\src\service\sessions\kuepakoy80.json

------------------------------

16-01-2023 16:10:32 : INIT: Initialized!

------------------------------

16-01-2023 16:10:31 : INIT: Initializing The Browser!

------------------------------

16-01-2023 16:06:10 : Login failed

------------------------------

16-01-2023 16:06:10 : LOGIN: error Error: ENOENT: no such file or directory, open 'D:\PROGRAMMING_JOURNEY\THE_PROJECTS\Focuson_Project_DEV\IdeaGeneratorV2_PROJECT\IdeaGeneratorv2_DEV\BOT_ENGINE\IgBot_1\src\service\sessions\kuepakoy80.json'

------------------------------

16-01-2023 16:06:10 : Successfully Logged In!

------------------------------

16-01-2023 16:05:48 : LOGIN: Loggin In! to pakoy80:test1234

------------------------------

16-01-2023 16:05:48 : Cannot read session

------------------------------

16-01-2023 16:05:48 : Kue doesn't exist

------------------------------

16-01-2023 16:05:48 : Get file: D:\PROGRAMMING_JOURNEY\THE_PROJECTS\Focuson_Project_DEV\IdeaGeneratorV2_PROJECT\IdeaGeneratorv2_DEV\BOT_ENGINE\IgBot_1\src\service\sessions\kuepakoy80.json

------------------------------

16-01-2023 16:05:48 : INIT: Initialized!

------------------------------

16-01-2023 16:05:47 : INIT: Initializing The Browser!

------------------------------

16-01-2023 16:03:59 : Login failed

------------------------------

16-01-2023 16:03:59 : LOGIN: error Error: ENOENT: no such file or directory, open 'D:\PROGRAMMING_JOURNEY\THE_PROJECTS\Focuson_Project_DEV\IdeaGeneratorV2_PROJECT\IdeaGeneratorv2_DEV\BOT_ENGINE\IgBot_1\src\service\sessions\kuepakoy80.json'

------------------------------

16-01-2023 16:03:59 : Successfully Logged In!

------------------------------

16-01-2023 16:03:40 : LOGIN: Loggin In! to pakoy80:test1234

------------------------------

16-01-2023 16:03:40 : Cannot read session

------------------------------

16-01-2023 16:03:40 : Kue doesn't exist

------------------------------

16-01-2023 16:03:40 : Get file: D:\PROGRAMMING_JOURNEY\THE_PROJECTS\Focuson_Project_DEV\IdeaGeneratorV2_PROJECT\IdeaGeneratorv2_DEV\BOT_ENGINE\IgBot_1\src\service\sessions\kuepakoy80.json

------------------------------

16-01-2023 16:03:40 : INIT: Initialized!

------------------------------

16-01-2023 16:03:40 : INIT: Initializing The Browser!

------------------------------

16-01-2023 16:02:05 : Login failed

------------------------------

16-01-2023 16:02:05 : LOGIN: error Error: Navigation failed because browser has disconnected!

------------------------------

16-01-2023 16:02:03 : LOGIN: Loggin In! to pakoy80:test1234

------------------------------

16-01-2023 16:02:03 : Cannot read session

------------------------------

16-01-2023 16:02:03 : Kue doesn't exist

------------------------------

16-01-2023 16:02:03 : Get file: D:\PROGRAMMING_JOURNEY\THE_PROJECTS\Focuson_Project_DEV\IdeaGeneratorV2_PROJECT\IdeaGeneratorv2_DEV\BOT_ENGINE\IgBot_1\src\service\sessions\kuepakoy80.json

------------------------------

16-01-2023 16:02:03 : INIT: Initialized!

------------------------------

16-01-2023 16:02:02 : INIT: Initializing The Browser!

------------------------------

16-01-2023 16:01:28 : LOGIN: Loggin In! to pakoy80:test1234

------------------------------

16-01-2023 16:01:28 : Cannot read session

------------------------------

16-01-2023 16:01:28 : Kue doesn't exist

------------------------------

16-01-2023 16:01:28 : Get file: D:\PROGRAMMING_JOURNEY\THE_PROJECTS\Focuson_Project_DEV\IdeaGeneratorV2_PROJECT\IdeaGeneratorv2_DEV\BOT_ENGINE\IgBot_1\src\service\sessions\kuepakoy80.json

------------------------------

16-01-2023 16:01:28 : INIT: Initialized!

------------------------------

16-01-2023 16:01:27 : INIT: Initializing The Browser!

------------------------------

16-01-2023 14:35:14 : LOGIN: Loggin In! to pakoy80:test1234

------------------------------

16-01-2023 14:35:14 : Cannot read session

------------------------------

16-01-2023 14:35:14 : Kue doesn't exist

------------------------------

16-01-2023 14:35:14 : Get file: D:\PROGRAMMING_JOURNEY\THE_PROJECTS\Focuson_Project_DEV\IdeaGeneratorV2_PROJECT\IdeaGeneratorv2_DEV\BOT_ENGINE\IgBot_1\sessions\kuepakoy80.json

------------------------------

16-01-2023 14:35:14 : INIT: Initialized!

------------------------------

16-01-2023 14:35:12 : INIT: Initializing The Browser!

------------------------------

