30-01-2023 11:24:56 : {
            date: Mon, 30 Jan 2023 04:24:56 GMT,
            code: 200,
            status: OK,
            data: {
               message: SUKSES SCRAPE
            }
         }

------------------------------

30-01-2023 11:21:58 : {
            date: Mon, 30 Jan 2023 04:21:58 GMT,
            code: 200,
            status: OK,
            data: {
               message: SUKSES SCRAPE
            }
         }

------------------------------

30-01-2023 11:19:21 : {
            date: Mon, 30 Jan 2023 04:19:21 GMT,
            code: 200,
            status: OK,
            data: {
               message: SUKSES SCRAPE
            }
         }

------------------------------

30-01-2023 11:17:51 : {
            date: Mon, 30 Jan 2023 04:17:51 GMT,
            code: 200,
            status: OK,
            data: {
               message: SUKSES SCRAPE
            }
         }

------------------------------

30-01-2023 11:16:12 : {
            date: Mon, 30 Jan 2023 04:16:12 GMT,
            code: 200,
            status: OK,
            data: {
               message: SUKSES SCRAPE
            }
         }

------------------------------

30-01-2023 11:14:43 : {
            date: Mon, 30 Jan 2023 04:14:43 GMT,
            code: 200,
            status: OK,
            data: {
               message: SUKSES SCRAPE
            }
         }

------------------------------

30-01-2023 11:02:52 : {
            date: Mon, 30 Jan 2023 04:02:52 GMT,
            code: 200,
            status: OK,
            data: {
               message: SUKSES SCRAPE
            }
         }

------------------------------

30-01-2023 10:29:35 : {
            date: Mon, 30 Jan 2023 03:29:35 GMT,
            code: 200,
            status: OK,
            data: {
               message: SUKSES SCRAPE
            }
         }

------------------------------

