23-01-2023 12:21:55 : {
            Error: read ECONNRESET
         }

------------------------------

23-01-2023 12:15:26 : {
            Error: read ECONNRESET
         }

------------------------------

23-01-2023 12:06:51 : {
            Error: read ECONNRESET
         }

------------------------------

23-01-2023 12:03:41 : {
            Error: connect ECONNREFUSED 127.0.0.1:5000
         }

------------------------------

23-01-2023 12:01:23 : {
            Error: read ECONNRESET
         }

------------------------------

23-01-2023 11:59:35 : {
            Error: connect ECONNREFUSED 127.0.0.1:6000
         }

------------------------------

23-01-2023 11:58:46 : {
            Error: read ECONNRESET
         }

------------------------------

23-01-2023 11:56:55 : {
            Error: read ECONNRESET
         }

------------------------------

23-01-2023 11:51:33 : {
            Error: read ECONNRESET
         }

------------------------------

23-01-2023 11:48:21 : {
            Error: read ECONNRESET
         }

------------------------------

23-01-2023 11:47:53 : {
            Error: read ECONNRESET
         }

------------------------------

23-01-2023 11:46:56 : {
            Error: read ECONNRESET
         }

------------------------------

23-01-2023 11:46:03 : {
            Error: read ECONNRESET
         }

------------------------------

23-01-2023 11:45:45 : {
            Error: read ECONNRESET
         }

------------------------------

23-01-2023 11:44:20 : {
            Error: connect ECONNREFUSED 127.0.0.1:5000
         }

------------------------------

23-01-2023 11:35:25 : {
            Error: read ECONNRESET
         }

------------------------------

23-01-2023 11:35:08 : {
            Error: read ECONNRESET
         }

------------------------------

23-01-2023 11:34:19 : {
            Error: read ECONNRESET
         }

------------------------------

23-01-2023 11:32:45 : {
            Error: read ECONNRESET
         }

------------------------------

23-01-2023 11:32:25 : {
            Error: read ECONNRESET
         }

------------------------------

23-01-2023 11:22:25 : {
            Error: connect ECONNREFUSED 127.0.0.1:5000
         }

------------------------------

23-01-2023 11:21:08 : {
            Error: connect ECONNREFUSED 127.0.0.1:5000
         }

------------------------------

23-01-2023 11:10:22 : {
            Error: connect ECONNREFUSED 127.0.0.1:7000
         }

------------------------------

23-01-2023 11:10:22 : {
            Error: connect ECONNREFUSED 127.0.0.1:6000
         }

------------------------------

23-01-2023 10:48:33 : {
            error: Error: read ECONNRESET
         }

------------------------------

