23-01-2023 12:25:45 : {
            date: Mon, 23 Jan 2023 05:25:45 GMT,
            code: 200,
            status: OK,
            data: {
               message: SUKSES SCRAPE
            }
         }

------------------------------

23-01-2023 12:10:27 : {
            date: Mon, 23 Jan 2023 05:10:27 GMT,
            code: 200,
            status: OK,
            data: {
               message: SUKSES SCRAPE
            }
         }

------------------------------

23-01-2023 11:32:26 : {
            date: Mon, 23 Jan 2023 04:32:26 GMT,
            code: 200,
            status: OK,
            data: {
               message: SUKSES SCRAPE
            }
         }

------------------------------

23-01-2023 11:20:45 : {
               date: Mon, 23 Jan 2023 04:20:45 GMT,
               code: 200,
               status: OK,
               data: {
                  message: SUKSES SCRAPE
               }
            }

------------------------------

23-01-2023 11:10:31 : {
            date: Mon, 23 Jan 2023 04:10:31 GMT,
            code: 200,
            status: OK,
            data: {
               message: SUKSES SCRAPE
            }
         }

------------------------------

23-01-2023 11:04:49 : {
            date: Mon, 23 Jan 2023 04:04:49 GMT,
            code: 200,
            status: OK,
            data: {
               message: SUKSES SCRAPE
            }
         }

------------------------------

23-01-2023 11:03:22 : {
            date: Mon, 23 Jan 2023 04:03:22 GMT,
            code: 200,
            status: OK,
            data: {
               message: SUKSES SCRAPE
            }
         }

------------------------------

