30-01-2023 15:30:43 : {
            Error: read ECONNRESET
         }

------------------------------

30-01-2023 15:26:06 : {
            Error: read ECONNRESET
         }

------------------------------

30-01-2023 15:25:25 : {
            Error: read ECONNRESET
         }

------------------------------

30-01-2023 13:02:44 : {
            Error: read ECONNRESET
         }

------------------------------

30-01-2023 12:58:50 : {
            Error: read ECONNRESET
         }

------------------------------

30-01-2023 12:55:34 : {
            Error: read ECONNRESET
         }

------------------------------

30-01-2023 12:54:53 : {
            Error: read ECONNRESET
         }

------------------------------

30-01-2023 12:53:15 : {
            Error: read ECONNRESET
         }

------------------------------

30-01-2023 12:52:31 : {
            Error: read ECONNRESET
         }

------------------------------

30-01-2023 12:51:54 : {
            Error: read ECONNRESET
         }

------------------------------

30-01-2023 12:46:58 : {
            Error: read ECONNRESET
         }

------------------------------

30-01-2023 12:46:24 : {
            Error: read ECONNRESET
         }

------------------------------

30-01-2023 12:40:21 : {
            Error: read ECONNRESET
         }

------------------------------

30-01-2023 12:39:51 : {
            Error: read ECONNRESET
         }

------------------------------

30-01-2023 12:38:48 : {
            Error: read ECONNRESET
         }

------------------------------

30-01-2023 12:38:47 : {
            Error: read ECONNRESET
         }

------------------------------

30-01-2023 12:38:46 : {
            Error: read ECONNRESET
         }

------------------------------

30-01-2023 12:19:02 : {
            Error: read ECONNRESET
         }

------------------------------

30-01-2023 12:19:01 : {
            Error: read ECONNRESET
         }

------------------------------

30-01-2023 12:19:00 : {
            Error: read ECONNRESET
         }

------------------------------

30-01-2023 12:17:13 : {
            Error: read ECONNRESET
         }

------------------------------

30-01-2023 12:17:12 : {
            Error: read ECONNRESET
         }

------------------------------

30-01-2023 12:17:11 : {
            Error: read ECONNRESET
         }

------------------------------

30-01-2023 12:11:35 : {
            Error: read ECONNRESET
         }

------------------------------

30-01-2023 12:11:32 : {
            Error: read ECONNRESET
         }

------------------------------

30-01-2023 12:11:31 : {
            Error: read ECONNRESET
         }

------------------------------

30-01-2023 11:35:27 : {
            Error: read ECONNRESET
         }

------------------------------

30-01-2023 11:17:51 : {
            Error: read ECONNRESET
         }

------------------------------

30-01-2023 11:17:12 : {
            Error: connect ECONNREFUSED 127.0.0.1:6000
         }

------------------------------

30-01-2023 11:15:20 : {
            Error: read ECONNRESET
         }

------------------------------

30-01-2023 10:28:20 : {
            Error: read ECONNRESET
         }

------------------------------

30-01-2023 10:25:49 : {
            Error: read ECONNRESET
         }

------------------------------

30-01-2023 08:28:01 : {
            Error: read ECONNRESET
         }

------------------------------

30-01-2023 08:27:51 : {
            Error: read ECONNRESET
         }

------------------------------

30-01-2023 08:25:42 : {
            Error: read ECONNRESET
         }

------------------------------

30-01-2023 08:25:42 : {
            Error: read ECONNRESET
         }

------------------------------

30-01-2023 08:25:13 : {
            Error: read ECONNRESET
         }

------------------------------

30-01-2023 08:25:13 : {
            Error: read ECONNRESET
         }

------------------------------

30-01-2023 08:25:10 : {
            Error: connect ECONNREFUSED 127.0.0.1:5000
         }

------------------------------

30-01-2023 08:23:56 : {
            Error: read ECONNRESET
         }

------------------------------

